Early Power Estimator File Generator report for simple_operations
Mon Aug 10 10:56:27 2020
Quartus Prime Version 20.1.0 Build 711 06/05/2020 SJ Lite Edition


---------------------
; Table of Contents ;
---------------------
  1. Legal Notice
  2. Early Power Estimator File Generator Summary
  3. Early Power Estimator File Generator Settings
  4. Indeterminate Toggle Rates
  5. Early Power Estimator File Generator Generated Files
  6. Confidence Metric Details
  7. Signal Activities
  8. Early Power Estimator File Generator Messages



----------------
; Legal Notice ;
----------------
Copyright (C) 2020  Intel Corporation. All rights reserved.
Your use of Intel Corporation's design tools, logic functions 
and other software and tools, and any partner logic 
functions, and any output files from any of the foregoing 
(including device programming or simulation files), and any 
associated documentation or information are expressly subject 
to the terms and conditions of the Intel Program License 
Subscription Agreement, the Intel Quartus Prime License Agreement,
the Intel FPGA IP License Agreement, or other applicable license
agreement, including, without limitation, that your use is for
the sole purpose of programming logic devices manufactured by
Intel and sold by Intel or its authorized distributors.  Please
refer to the applicable agreement for further details, at
https://fpgasoftware.intel.com/eula.



+------------------------------------------------------------------------------------------------+
; Early Power Estimator File Generator Summary                                                   ;
+---------------------------------------------+--------------------------------------------------+
; Early Power Estimator File Generator Status ; Successful - Mon Aug 10 10:56:27 2020            ;
; Quartus Prime Version                       ; 20.1.0 Build 711 06/05/2020 SJ Lite Edition      ;
; Revision Name                               ; simple_operations                                ;
; Top-level Entity Name                       ; simple_operations                                ;
; Family                                      ; Cyclone IV E                                     ;
; Device                                      ; EP4CE115F29C7                                    ;
; Power Estimation Confidence                 ; Low: user provided insufficient toggle rate data ;
+---------------------------------------------+--------------------------------------------------+


+--------------------------------------------------------------------------------------------------------------------------+
; Early Power Estimator File Generator Settings                                                                            ;
+------------------------------------------------------------------+---------------------------------------+---------------+
; Option                                                           ; Setting                               ; Default Value ;
+------------------------------------------------------------------+---------------------------------------+---------------+
; Maximum processors allowed for parallel compilation              ; 6                                     ;               ;
; Use smart compilation                                            ; Off                                   ; Off           ;
; Enable parallel Assembler and Timing Analyzer during compilation ; On                                    ; On            ;
; Enable compact report table                                      ; Off                                   ; Off           ;
; Preset Cooling Solution                                          ; 23 MM HEAT SINK WITH 200 LFPM AIRFLOW ;               ;
; Board thermal model                                              ; None (CONSERVATIVE)                   ;               ;
; Default Power Toggle Rate                                        ; 12.5%                                 ; 12.5%         ;
; Default Power Input I/O Toggle Rate                              ; 12.5%                                 ; 12.5%         ;
; Use vectorless estimation                                        ; On                                    ; On            ;
; Use Input Files                                                  ; Off                                   ; Off           ;
; Filter Glitches in VCD File Reader                               ; On                                    ; On            ;
; Power Analyzer Report Signal Activity                            ; Off                                   ; Off           ;
; Power Analyzer Report Power Dissipation                          ; Off                                   ; Off           ;
; Device Power Characteristics                                     ; TYPICAL                               ; TYPICAL       ;
; Automatically Compute Junction Temperature                       ; On                                    ; On            ;
; Specified Junction Temperature                                   ; 25                                    ; 25            ;
; Ambient Temperature                                              ; 25                                    ; 25            ;
; Use Custom Cooling Solution                                      ; Off                                   ; Off           ;
; Board Temperature                                                ; 25                                    ; 25            ;
+------------------------------------------------------------------+---------------------------------------+---------------+


+----------------------------------------------------+
; Indeterminate Toggle Rates                         ;
+----------------------+-----------------------------+
; Node                 ; Reason                      ;
+----------------------+-----------------------------+
; i_fifo_rx_wr_en      ; No valid clock domain found ;
; i_fifo_rx_wr_data[0] ; No valid clock domain found ;
; i_fifo_rx_wr_data[1] ; No valid clock domain found ;
; i_fifo_rx_wr_data[2] ; No valid clock domain found ;
; i_fifo_rx_wr_data[3] ; No valid clock domain found ;
; i_fifo_rx_wr_data[4] ; No valid clock domain found ;
; i_fifo_rx_wr_data[5] ; No valid clock domain found ;
; i_fifo_rx_wr_data[6] ; No valid clock domain found ;
; i_fifo_rx_wr_data[7] ; No valid clock domain found ;
; i_fifo_rx_rd_en      ; No valid clock domain found ;
; i_fifo_tx_wr_en      ; No valid clock domain found ;
; i_fifo_tx_wr_data[0] ; No valid clock domain found ;
; i_fifo_tx_wr_data[1] ; No valid clock domain found ;
; i_fifo_tx_wr_data[2] ; No valid clock domain found ;
; i_fifo_tx_wr_data[3] ; No valid clock domain found ;
; i_fifo_tx_wr_data[4] ; No valid clock domain found ;
; i_fifo_tx_wr_data[5] ; No valid clock domain found ;
; i_fifo_tx_wr_data[6] ; No valid clock domain found ;
; i_fifo_tx_wr_data[7] ; No valid clock domain found ;
; i_fifo_tx_rd_en      ; No valid clock domain found ;
; i_tx_dv              ; No valid clock domain found ;
; tx_data[0]           ; No valid clock domain found ;
; tx_data[1]           ; No valid clock domain found ;
; tx_data[2]           ; No valid clock domain found ;
; tx_data[3]           ; No valid clock domain found ;
; tx_data[4]           ; No valid clock domain found ;
; tx_data[5]           ; No valid clock domain found ;
; tx_data[6]           ; No valid clock domain found ;
; tx_data[7]           ; No valid clock domain found ;
; i_clk                ; No valid clock domain found ;
; i_rst                ; No valid clock domain found ;
; i_rst_sync           ; No valid clock domain found ;
; i_rx_serial          ; No valid clock domain found ;
+----------------------+-----------------------------+


+--------------------------------------------------------------------------------------------------+
; Early Power Estimator File Generator Generated Files                                             ;
+----------------------------------------------------------------+---------------------------------+
; Description                                                    ; Filename                        ;
+----------------------------------------------------------------+---------------------------------+
; Design summary for PowerPlay Early Power Estimator spreadsheet ; simple_operations_early_pwr.csv ;
+----------------------------------------------------------------+---------------------------------+


+--------------------------------------------------------------------------------------------------------------------------------------------------+
; Confidence Metric Details                                                                                                                        ;
+----------------------------------------------------------------------------------------+-------------+------------+--------------+---------------+
; Data Source                                                                            ; Total       ; Pin        ; Registered   ; Combinational ;
+----------------------------------------------------------------------------------------+-------------+------------+--------------+---------------+
; Simulation (from file)                                                                 ;             ;            ;              ;               ;
;     -- Number of signals with Toggle Rate from Simulation                              ; 0 (0.0%)    ; 0 (0.0%)   ; 0 (0.0%)     ; 0 (0.0%)      ;
;     -- Number of signals with Static Probability from Simulation                       ; 0 (0.0%)    ; 0 (0.0%)   ; 0 (0.0%)     ; 0 (0.0%)      ;
;                                                                                        ;             ;            ;              ;               ;
; Node, entity or clock assignment                                                       ;             ;            ;              ;               ;
;     -- Number of signals with Toggle Rate from Node, entity or clock assignment        ; 0 (0.0%)    ; 0 (0.0%)   ; 0 (0.0%)     ; 0 (0.0%)      ;
;     -- Number of signals with Static Probability from Node, entity or clock assignment ; 0 (0.0%)    ; 0 (0.0%)   ; 0 (0.0%)     ; 0 (0.0%)      ;
;                                                                                        ;             ;            ;              ;               ;
; Vectorless estimation                                                                  ;             ;            ;              ;               ;
;     -- Number of signals with Toggle Rate from Vectorless estimation                   ; 525 (93.8%) ; 39 (52.7%) ; 162 (100.0%) ; 324 (100.0%)  ;
;     -- Number of signals with Zero toggle rate, from Vectorless estimation             ; 53 (9.5%)   ; 4 (5.4%)   ; 20 (12.3%)   ; 29 (9.0%)     ;
;     -- Number of signals with Static Probability from Vectorless estimation            ; 525 (93.8%) ; 39 (52.7%) ; 162 (100.0%) ; 324 (100.0%)  ;
;                                                                                        ;             ;            ;              ;               ;
; Default assignment                                                                     ;             ;            ;              ;               ;
;     -- Number of signals with Toggle Rate from Default assignment                      ; 0 (0.0%)    ; 0 (0.0%)   ; 0 (0.0%)     ; 0 (0.0%)      ;
;     -- Number of signals with Static Probability from Default assignment               ; 35 (6.3%)   ; 35 (47.3%) ; 0 (0.0%)     ; 0 (0.0%)      ;
;                                                                                        ;             ;            ;              ;               ;
; Assumed 0                                                                              ;             ;            ;              ;               ;
;     -- Number of signals with Toggle Rate assumed 0                                    ; 35 (6.3%)   ; 35 (47.3%) ; 0 (0.0%)     ; 0 (0.0%)      ;
+----------------------------------------------------------------------------------------+-------------+------------+--------------+---------------+


+---------------------------------------------------------------------------------------------------------------------------------------------+
; Signal Activities                                                                                                                           ;
+--------+------+---------------------------------------------+-------------------------+--------------------+--------------------------------+
; Signal ; Type ; Toggle Rate (millions of transitions / sec) ; Toggle Rate Data Source ; Static Probability ; Static Probability Data Source ;
+--------+------+---------------------------------------------+-------------------------+--------------------+--------------------------------+
(1) The "Signal Activity" Table has been hidden. To show this table, please select the "Write signal activities to report file" option under "PowerPlay Power Analyzer Settings".


+-----------------------------------------------+
; Early Power Estimator File Generator Messages ;
+-----------------------------------------------+
Info: *******************************************************************
Info: Running Quartus Prime Early Power Estimator File Generator
    Info: Version 20.1.0 Build 711 06/05/2020 SJ Lite Edition
    Info: Processing started: Mon Aug 10 10:56:26 2020
Info: Command: quartus_pow --read_settings_files=on --write_settings_files=off simple_operations -c simple_operations --estimate_power=off --output_epe=simple_operations_early_pwr.csv
Info (21077): Low junction temperature is 0 degrees C
Info (21077): High junction temperature is 85 degrees C
Critical Warning (332012): Synopsys Design Constraints File file not found: 'simple_operations.sdc'. A Synopsys Design Constraints File is required by the Timing Analyzer to get proper timing constraints. Without it, the Compiler will not properly optimize the design.
Warning (332060): Node: i_clk was determined to be a clock but was found without an associated clock assignment.
    Info (13166): Register fifo:fifo_rx|r_fifo_count[3] is being clocked by i_clk
Warning (332068): No clocks defined in design.
Info (223000): Starting Vectorless Power Activity Estimation
Warning (222013): Relative toggle rates could not be calculated because no clock domain could be identified for some nodes
Info (223001): Completed Vectorless Power Activity Estimation
Info (218000): Using Advanced I/O Power to simulate I/O buffers with the specified board trace model
Info (214002): Created Early Power Estimation file "simple_operations_early_pwr.csv"
Info (215029): No power estimate will be produced.
Info (215049): Average toggle rate for this design is 0.000 millions of transitions / sec
Info: Quartus Prime Early Power Estimator File Generator was successful. 0 errors, 4 warnings
    Info: Peak virtual memory: 4860 megabytes
    Info: Processing ended: Mon Aug 10 10:56:27 2020
    Info: Elapsed time: 00:00:01
    Info: Total CPU time (on all processors): 00:00:01


