Analysis & Synthesis report for fifo
Fri Jul 31 20:07:20 2020
Quartus Prime Version 20.1.0 Build 711 06/05/2020 SJ Lite Edition


---------------------
; Table of Contents ;
---------------------
  1. Legal Notice
  2. Analysis & Synthesis Summary
  3. Analysis & Synthesis Settings
  4. Parallel Compilation
  5. Analysis & Synthesis Source Files Read
  6. Analysis & Synthesis Resource Usage Summary
  7. Analysis & Synthesis Resource Utilization by Entity
  8. Analysis & Synthesis RAM Summary
  9. General Register Statistics
 10. Inverted Register Statistics
 11. Registers Added for RAM Pass-Through Logic
 12. Multiplexer Restructuring Statistics (Restructuring Performed)
 13. Source assignments for altsyncram:r_fifo_data_rtl_0|altsyncram_e5g1:auto_generated
 14. Parameter Settings for User Entity Instance: Top-level Entity: |fifo
 15. Parameter Settings for Inferred Entity Instance: altsyncram:r_fifo_data_rtl_0
 16. altsyncram Parameter Settings by Entity Instance
 17. Post-Synthesis Netlist Statistics for Top Partition
 18. Elapsed Time Per Partition
 19. Analysis & Synthesis Equations
 20. Analysis & Synthesis Messages



----------------
; Legal Notice ;
----------------
Copyright (C) 2020  Intel Corporation. All rights reserved.
Your use of Intel Corporation's design tools, logic functions 
and other software and tools, and any partner logic 
functions, and any output files from any of the foregoing 
(including device programming or simulation files), and any 
associated documentation or information are expressly subject 
to the terms and conditions of the Intel Program License 
Subscription Agreement, the Intel Quartus Prime License Agreement,
the Intel FPGA IP License Agreement, or other applicable license
agreement, including, without limitation, that your use is for
the sole purpose of programming logic devices manufactured by
Intel and sold by Intel or its authorized distributors.  Please
refer to the applicable agreement for further details, at
https://fpgasoftware.intel.com/eula.



+----------------------------------------------------------------------------------+
; Analysis & Synthesis Summary                                                     ;
+------------------------------------+---------------------------------------------+
; Analysis & Synthesis Status        ; Successful - Fri Jul 31 20:07:20 2020       ;
; Quartus Prime Version              ; 20.1.0 Build 711 06/05/2020 SJ Lite Edition ;
; Revision Name                      ; fifo                                        ;
; Top-level Entity Name              ; fifo                                        ;
; Family                             ; Cyclone IV E                                ;
; Total logic elements               ; 63                                          ;
;     Total combinational functions  ; 39                                          ;
;     Dedicated logic registers      ; 38                                          ;
; Total registers                    ; 38                                          ;
; Total pins                         ; 22                                          ;
; Total virtual pins                 ; 0                                           ;
; Total memory bits                  ; 80                                          ;
; Embedded Multiplier 9-bit elements ; 0                                           ;
; Total PLLs                         ; 0                                           ;
+------------------------------------+---------------------------------------------+


+------------------------------------------------------------------------------------------------------------+
; Analysis & Synthesis Settings                                                                              ;
+------------------------------------------------------------------+--------------------+--------------------+
; Option                                                           ; Setting            ; Default Value      ;
+------------------------------------------------------------------+--------------------+--------------------+
; Device                                                           ; EP4CE115F29C7      ;                    ;
; Top-level entity name                                            ; fifo               ; fifo               ;
; Family name                                                      ; Cyclone IV E       ; Cyclone V          ;
; Use smart compilation                                            ; Off                ; Off                ;
; Enable parallel Assembler and Timing Analyzer during compilation ; On                 ; On                 ;
; Enable compact report table                                      ; Off                ; Off                ;
; Restructure Multiplexers                                         ; Auto               ; Auto               ;
; Create Debugging Nodes for IP Cores                              ; Off                ; Off                ;
; Preserve fewer node names                                        ; On                 ; On                 ;
; Intel FPGA IP Evaluation Mode                                    ; Enable             ; Enable             ;
; Verilog Version                                                  ; Verilog_2001       ; Verilog_2001       ;
; VHDL Version                                                     ; VHDL_1993          ; VHDL_1993          ;
; State Machine Processing                                         ; Auto               ; Auto               ;
; Safe State Machine                                               ; Off                ; Off                ;
; Extract Verilog State Machines                                   ; On                 ; On                 ;
; Extract VHDL State Machines                                      ; On                 ; On                 ;
; Ignore Verilog initial constructs                                ; Off                ; Off                ;
; Iteration limit for constant Verilog loops                       ; 5000               ; 5000               ;
; Iteration limit for non-constant Verilog loops                   ; 250                ; 250                ;
; Add Pass-Through Logic to Inferred RAMs                          ; On                 ; On                 ;
; Infer RAMs from Raw Logic                                        ; On                 ; On                 ;
; Parallel Synthesis                                               ; On                 ; On                 ;
; DSP Block Balancing                                              ; Auto               ; Auto               ;
; NOT Gate Push-Back                                               ; On                 ; On                 ;
; Power-Up Don't Care                                              ; On                 ; On                 ;
; Remove Redundant Logic Cells                                     ; Off                ; Off                ;
; Remove Duplicate Registers                                       ; On                 ; On                 ;
; Ignore CARRY Buffers                                             ; Off                ; Off                ;
; Ignore CASCADE Buffers                                           ; Off                ; Off                ;
; Ignore GLOBAL Buffers                                            ; Off                ; Off                ;
; Ignore ROW GLOBAL Buffers                                        ; Off                ; Off                ;
; Ignore LCELL Buffers                                             ; Off                ; Off                ;
; Ignore SOFT Buffers                                              ; On                 ; On                 ;
; Limit AHDL Integers to 32 Bits                                   ; Off                ; Off                ;
; Optimization Technique                                           ; Balanced           ; Balanced           ;
; Carry Chain Length                                               ; 70                 ; 70                 ;
; Auto Carry Chains                                                ; On                 ; On                 ;
; Auto Open-Drain Pins                                             ; On                 ; On                 ;
; Perform WYSIWYG Primitive Resynthesis                            ; Off                ; Off                ;
; Auto ROM Replacement                                             ; On                 ; On                 ;
; Auto RAM Replacement                                             ; On                 ; On                 ;
; Auto DSP Block Replacement                                       ; On                 ; On                 ;
; Auto Shift Register Replacement                                  ; Auto               ; Auto               ;
; Allow Shift Register Merging across Hierarchies                  ; Auto               ; Auto               ;
; Auto Clock Enable Replacement                                    ; On                 ; On                 ;
; Strict RAM Replacement                                           ; Off                ; Off                ;
; Allow Synchronous Control Signals                                ; On                 ; On                 ;
; Force Use of Synchronous Clear Signals                           ; Off                ; Off                ;
; Auto RAM Block Balancing                                         ; On                 ; On                 ;
; Auto RAM to Logic Cell Conversion                                ; Off                ; Off                ;
; Auto Resource Sharing                                            ; Off                ; Off                ;
; Allow Any RAM Size For Recognition                               ; Off                ; Off                ;
; Allow Any ROM Size For Recognition                               ; Off                ; Off                ;
; Allow Any Shift Register Size For Recognition                    ; Off                ; Off                ;
; Use LogicLock Constraints during Resource Balancing              ; On                 ; On                 ;
; Ignore translate_off and synthesis_off directives                ; Off                ; Off                ;
; Timing-Driven Synthesis                                          ; On                 ; On                 ;
; Report Parameter Settings                                        ; On                 ; On                 ;
; Report Source Assignments                                        ; On                 ; On                 ;
; Report Connectivity Checks                                       ; On                 ; On                 ;
; Ignore Maximum Fan-Out Assignments                               ; Off                ; Off                ;
; Synchronization Register Chain Length                            ; 2                  ; 2                  ;
; Power Optimization During Synthesis                              ; Normal compilation ; Normal compilation ;
; HDL message level                                                ; Level2             ; Level2             ;
; Suppress Register Optimization Related Messages                  ; Off                ; Off                ;
; Number of Removed Registers Reported in Synthesis Report         ; 5000               ; 5000               ;
; Number of Swept Nodes Reported in Synthesis Report               ; 5000               ; 5000               ;
; Number of Inverted Registers Reported in Synthesis Report        ; 100                ; 100                ;
; Clock MUX Protection                                             ; On                 ; On                 ;
; Auto Gated Clock Conversion                                      ; Off                ; Off                ;
; Block Design Naming                                              ; Auto               ; Auto               ;
; SDC constraint protection                                        ; Off                ; Off                ;
; Synthesis Effort                                                 ; Auto               ; Auto               ;
; Shift Register Replacement - Allow Asynchronous Clear Signal     ; On                 ; On                 ;
; Pre-Mapping Resynthesis Optimization                             ; Off                ; Off                ;
; Analysis & Synthesis Message Level                               ; Medium             ; Medium             ;
; Disable Register Merging Across Hierarchies                      ; Auto               ; Auto               ;
; Resource Aware Inference For Block RAM                           ; On                 ; On                 ;
+------------------------------------------------------------------+--------------------+--------------------+


+------------------------------------------+
; Parallel Compilation                     ;
+----------------------------+-------------+
; Processors                 ; Number      ;
+----------------------------+-------------+
; Number detected on machine ; 12          ;
; Maximum allowed            ; 6           ;
;                            ;             ;
; Average used               ; 1.00        ;
; Maximum used               ; 6           ;
;                            ;             ;
; Usage by Processor         ; % Time Used ;
;     Processor 1            ; 100.0%      ;
;     Processors 2-6         ;   0.0%      ;
+----------------------------+-------------+


+---------------------------------------------------------------------------------------------------------------------------------------------------------------------------------------------------------------+
; Analysis & Synthesis Source Files Read                                                                                                                                                                        ;
+----------------------------------+-----------------+-------------------------------------------------------+----------------------------------------------------------------------------------------+---------+
; File Name with User-Entered Path ; Used in Netlist ; File Type                                             ; File Name with Absolute Path                                                           ; Library ;
+----------------------------------+-----------------+-------------------------------------------------------+----------------------------------------------------------------------------------------+---------+
; fifo.vhd                         ; yes             ; User VHDL File                                        ; C:/Users/adeni/Documents/Mestrado/amc_vhdl/study/fifo/fifo.vhd                         ;         ;
; altsyncram.tdf                   ; yes             ; Megafunction                                          ; c:/intelfpga_lite/20.1/quartus/libraries/megafunctions/altsyncram.tdf                  ;         ;
; stratix_ram_block.inc            ; yes             ; Megafunction                                          ; c:/intelfpga_lite/20.1/quartus/libraries/megafunctions/stratix_ram_block.inc           ;         ;
; lpm_mux.inc                      ; yes             ; Megafunction                                          ; c:/intelfpga_lite/20.1/quartus/libraries/megafunctions/lpm_mux.inc                     ;         ;
; lpm_decode.inc                   ; yes             ; Megafunction                                          ; c:/intelfpga_lite/20.1/quartus/libraries/megafunctions/lpm_decode.inc                  ;         ;
; aglobal201.inc                   ; yes             ; Megafunction                                          ; c:/intelfpga_lite/20.1/quartus/libraries/megafunctions/aglobal201.inc                  ;         ;
; a_rdenreg.inc                    ; yes             ; Megafunction                                          ; c:/intelfpga_lite/20.1/quartus/libraries/megafunctions/a_rdenreg.inc                   ;         ;
; altrom.inc                       ; yes             ; Megafunction                                          ; c:/intelfpga_lite/20.1/quartus/libraries/megafunctions/altrom.inc                      ;         ;
; altram.inc                       ; yes             ; Megafunction                                          ; c:/intelfpga_lite/20.1/quartus/libraries/megafunctions/altram.inc                      ;         ;
; altdpram.inc                     ; yes             ; Megafunction                                          ; c:/intelfpga_lite/20.1/quartus/libraries/megafunctions/altdpram.inc                    ;         ;
; db/altsyncram_e5g1.tdf           ; yes             ; Auto-Generated Megafunction                           ; C:/Users/adeni/Documents/Mestrado/amc_vhdl/study/fifo/db/altsyncram_e5g1.tdf           ;         ;
; db/fifo.ram0_fifo_34ae1a.hdl.mif ; yes             ; Auto-Generated Auto-Found Memory Initialization File  ; C:/Users/adeni/Documents/Mestrado/amc_vhdl/study/fifo/db/fifo.ram0_fifo_34ae1a.hdl.mif ;         ;
+----------------------------------+-----------------+-------------------------------------------------------+----------------------------------------------------------------------------------------+---------+


+-----------------------------------------------------------+
; Analysis & Synthesis Resource Usage Summary               ;
+---------------------------------------------+-------------+
; Resource                                    ; Usage       ;
+---------------------------------------------+-------------+
; Estimated Total logic elements              ; 63          ;
;                                             ;             ;
; Total combinational functions               ; 39          ;
; Logic element usage by number of LUT inputs ;             ;
;     -- 4 input functions                    ; 22          ;
;     -- 3 input functions                    ; 10          ;
;     -- <=2 input functions                  ; 7           ;
;                                             ;             ;
; Logic elements by mode                      ;             ;
;     -- normal mode                          ; 35          ;
;     -- arithmetic mode                      ; 4           ;
;                                             ;             ;
; Total registers                             ; 38          ;
;     -- Dedicated logic registers            ; 38          ;
;     -- I/O registers                        ; 0           ;
;                                             ;             ;
; I/O pins                                    ; 22          ;
; Total memory bits                           ; 80          ;
;                                             ;             ;
; Embedded Multiplier 9-bit elements          ; 0           ;
;                                             ;             ;
; Maximum fan-out node                        ; i_clk~input ;
; Maximum fan-out                             ; 46          ;
; Total fan-out                               ; 334         ;
; Average fan-out                             ; 2.59        ;
+---------------------------------------------+-------------+


+------------------------------------------------------------------------------------------------------------------------------------------------------------------------------------------------------------------------------------------------------------------------+
; Analysis & Synthesis Resource Utilization by Entity                                                                                                                                                                                                                    ;
+----------------------------------------+---------------------+---------------------------+-------------+--------------+---------+-----------+------+--------------+-------------------------------------------------------------------+-----------------+--------------+
; Compilation Hierarchy Node             ; Combinational ALUTs ; Dedicated Logic Registers ; Memory Bits ; DSP Elements ; DSP 9x9 ; DSP 18x18 ; Pins ; Virtual Pins ; Full Hierarchy Name                                               ; Entity Name     ; Library Name ;
+----------------------------------------+---------------------+---------------------------+-------------+--------------+---------+-----------+------+--------------+-------------------------------------------------------------------+-----------------+--------------+
; |fifo                                  ; 39 (39)             ; 38 (38)                   ; 80          ; 0            ; 0       ; 0         ; 22   ; 0            ; |fifo                                                             ; fifo            ; work         ;
;    |altsyncram:r_fifo_data_rtl_0|      ; 0 (0)               ; 0 (0)                     ; 80          ; 0            ; 0       ; 0         ; 0    ; 0            ; |fifo|altsyncram:r_fifo_data_rtl_0                                ; altsyncram      ; work         ;
;       |altsyncram_e5g1:auto_generated| ; 0 (0)               ; 0 (0)                     ; 80          ; 0            ; 0       ; 0         ; 0    ; 0            ; |fifo|altsyncram:r_fifo_data_rtl_0|altsyncram_e5g1:auto_generated ; altsyncram_e5g1 ; work         ;
+----------------------------------------+---------------------+---------------------------+-------------+--------------+---------+-----------+------+--------------+-------------------------------------------------------------------+-----------------+--------------+
Note: For table entries with two numbers listed, the numbers in parentheses indicate the number of resources of the given type used by the specific entity alone. The numbers listed outside of parentheses indicate the total resources of the given type used by the specific entity and all of its sub-entities in the hierarchy.


+--------------------------------------------------------------------------------------------------------------------------------------------------------------------------------------------------------+
; Analysis & Synthesis RAM Summary                                                                                                                                                                       ;
+------------------------------------------------------------------------+------+------------------+--------------+--------------+--------------+--------------+------+----------------------------------+
; Name                                                                   ; Type ; Mode             ; Port A Depth ; Port A Width ; Port B Depth ; Port B Width ; Size ; MIF                              ;
+------------------------------------------------------------------------+------+------------------+--------------+--------------+--------------+--------------+------+----------------------------------+
; altsyncram:r_fifo_data_rtl_0|altsyncram_e5g1:auto_generated|ALTSYNCRAM ; AUTO ; Simple Dual Port ; 10           ; 8            ; 10           ; 8            ; 80   ; db/fifo.ram0_fifo_34ae1a.hdl.mif ;
+------------------------------------------------------------------------+------+------------------+--------------+--------------+--------------+--------------+------+----------------------------------+


+------------------------------------------------------+
; General Register Statistics                          ;
+----------------------------------------------+-------+
; Statistic                                    ; Value ;
+----------------------------------------------+-------+
; Total registers                              ; 38    ;
; Number of registers using Synchronous Clear  ; 5     ;
; Number of registers using Synchronous Load   ; 0     ;
; Number of registers using Asynchronous Clear ; 0     ;
; Number of registers using Asynchronous Load  ; 0     ;
; Number of registers using Clock Enable       ; 9     ;
; Number of registers using Preset             ; 0     ;
+----------------------------------------------+-------+


+--------------------------------------------------+
; Inverted Register Statistics                     ;
+----------------------------------------+---------+
; Inverted Register                      ; Fan out ;
+----------------------------------------+---------+
; r_fifo_data_rtl_0_bypass[10]           ; 1       ;
; r_fifo_data_rtl_0_bypass[12]           ; 1       ;
; r_fifo_data_rtl_0_bypass[14]           ; 1       ;
; r_fifo_data_rtl_0_bypass[16]           ; 1       ;
; r_fifo_data_rtl_0_bypass[18]           ; 1       ;
; r_fifo_data_rtl_0_bypass[20]           ; 1       ;
; r_fifo_data_rtl_0_bypass[22]           ; 1       ;
; r_fifo_data_rtl_0_bypass[24]           ; 1       ;
; Total number of inverted registers = 8 ;         ;
+----------------------------------------+---------+


+--------------------------------------------------+
; Registers Added for RAM Pass-Through Logic       ;
+------------------------------+-------------------+
; Register Name                ; RAM Name          ;
+------------------------------+-------------------+
; r_fifo_data_rtl_0_bypass[0]  ; r_fifo_data_rtl_0 ;
; r_fifo_data_rtl_0_bypass[1]  ; r_fifo_data_rtl_0 ;
; r_fifo_data_rtl_0_bypass[2]  ; r_fifo_data_rtl_0 ;
; r_fifo_data_rtl_0_bypass[3]  ; r_fifo_data_rtl_0 ;
; r_fifo_data_rtl_0_bypass[4]  ; r_fifo_data_rtl_0 ;
; r_fifo_data_rtl_0_bypass[5]  ; r_fifo_data_rtl_0 ;
; r_fifo_data_rtl_0_bypass[6]  ; r_fifo_data_rtl_0 ;
; r_fifo_data_rtl_0_bypass[7]  ; r_fifo_data_rtl_0 ;
; r_fifo_data_rtl_0_bypass[8]  ; r_fifo_data_rtl_0 ;
; r_fifo_data_rtl_0_bypass[9]  ; r_fifo_data_rtl_0 ;
; r_fifo_data_rtl_0_bypass[10] ; r_fifo_data_rtl_0 ;
; r_fifo_data_rtl_0_bypass[11] ; r_fifo_data_rtl_0 ;
; r_fifo_data_rtl_0_bypass[12] ; r_fifo_data_rtl_0 ;
; r_fifo_data_rtl_0_bypass[13] ; r_fifo_data_rtl_0 ;
; r_fifo_data_rtl_0_bypass[14] ; r_fifo_data_rtl_0 ;
; r_fifo_data_rtl_0_bypass[15] ; r_fifo_data_rtl_0 ;
; r_fifo_data_rtl_0_bypass[16] ; r_fifo_data_rtl_0 ;
; r_fifo_data_rtl_0_bypass[17] ; r_fifo_data_rtl_0 ;
; r_fifo_data_rtl_0_bypass[18] ; r_fifo_data_rtl_0 ;
; r_fifo_data_rtl_0_bypass[19] ; r_fifo_data_rtl_0 ;
; r_fifo_data_rtl_0_bypass[20] ; r_fifo_data_rtl_0 ;
; r_fifo_data_rtl_0_bypass[21] ; r_fifo_data_rtl_0 ;
; r_fifo_data_rtl_0_bypass[22] ; r_fifo_data_rtl_0 ;
; r_fifo_data_rtl_0_bypass[23] ; r_fifo_data_rtl_0 ;
; r_fifo_data_rtl_0_bypass[24] ; r_fifo_data_rtl_0 ;
+------------------------------+-------------------+


+------------------------------------------------------------------------------------------------------------------------------------------+
; Multiplexer Restructuring Statistics (Restructuring Performed)                                                                           ;
+--------------------+-----------+---------------+----------------------+------------------------+------------+----------------------------+
; Multiplexer Inputs ; Bus Width ; Baseline Area ; Area if Restructured ; Saving if Restructured ; Registered ; Example Multiplexer Output ;
+--------------------+-----------+---------------+----------------------+------------------------+------------+----------------------------+
; 3:1                ; 5 bits    ; 10 LEs        ; 5 LEs                ; 5 LEs                  ; Yes        ; |fifo|r_fifo_count[0]      ;
; 4:1                ; 4 bits    ; 8 LEs         ; 4 LEs                ; 4 LEs                  ; Yes        ; |fifo|r_wr_index[0]        ;
; 4:1                ; 4 bits    ; 8 LEs         ; 8 LEs                ; 0 LEs                  ; No         ; |fifo|r_rd_index           ;
+--------------------+-----------+---------------+----------------------+------------------------+------------+----------------------------+


+------------------------------------------------------------------------------------+
; Source assignments for altsyncram:r_fifo_data_rtl_0|altsyncram_e5g1:auto_generated ;
+---------------------------------+--------------------+------+----------------------+
; Assignment                      ; Value              ; From ; To                   ;
+---------------------------------+--------------------+------+----------------------+
; OPTIMIZE_POWER_DURING_SYNTHESIS ; NORMAL_COMPILATION ; -    ; -                    ;
+---------------------------------+--------------------+------+----------------------+


+----------------------------------------------------------------------+
; Parameter Settings for User Entity Instance: Top-level Entity: |fifo ;
+----------------+-------+---------------------------------------------+
; Parameter Name ; Value ; Type                                        ;
+----------------+-------+---------------------------------------------+
; g_width        ; 8     ; Signed Integer                              ;
; g_depth        ; 10    ; Signed Integer                              ;
+----------------+-------+---------------------------------------------+
Note: In order to hide this table in the UI and the text report file, please set the "Show Parameter Settings in Synthesis Report" option in "Analysis and Synthesis Settings -> More Settings" to "Off".


+----------------------------------------------------------------------------------------+
; Parameter Settings for Inferred Entity Instance: altsyncram:r_fifo_data_rtl_0          ;
+------------------------------------+----------------------------------+----------------+
; Parameter Name                     ; Value                            ; Type           ;
+------------------------------------+----------------------------------+----------------+
; BYTE_SIZE_BLOCK                    ; 8                                ; Untyped        ;
; AUTO_CARRY_CHAINS                  ; ON                               ; AUTO_CARRY     ;
; IGNORE_CARRY_BUFFERS               ; OFF                              ; IGNORE_CARRY   ;
; AUTO_CASCADE_CHAINS                ; ON                               ; AUTO_CASCADE   ;
; IGNORE_CASCADE_BUFFERS             ; OFF                              ; IGNORE_CASCADE ;
; WIDTH_BYTEENA                      ; 1                                ; Untyped        ;
; OPERATION_MODE                     ; DUAL_PORT                        ; Untyped        ;
; WIDTH_A                            ; 8                                ; Untyped        ;
; WIDTHAD_A                          ; 4                                ; Untyped        ;
; NUMWORDS_A                         ; 10                               ; Untyped        ;
; OUTDATA_REG_A                      ; UNREGISTERED                     ; Untyped        ;
; ADDRESS_ACLR_A                     ; NONE                             ; Untyped        ;
; OUTDATA_ACLR_A                     ; NONE                             ; Untyped        ;
; WRCONTROL_ACLR_A                   ; NONE                             ; Untyped        ;
; INDATA_ACLR_A                      ; NONE                             ; Untyped        ;
; BYTEENA_ACLR_A                     ; NONE                             ; Untyped        ;
; WIDTH_B                            ; 8                                ; Untyped        ;
; WIDTHAD_B                          ; 4                                ; Untyped        ;
; NUMWORDS_B                         ; 10                               ; Untyped        ;
; INDATA_REG_B                       ; CLOCK1                           ; Untyped        ;
; WRCONTROL_WRADDRESS_REG_B          ; CLOCK1                           ; Untyped        ;
; RDCONTROL_REG_B                    ; CLOCK1                           ; Untyped        ;
; ADDRESS_REG_B                      ; CLOCK0                           ; Untyped        ;
; OUTDATA_REG_B                      ; UNREGISTERED                     ; Untyped        ;
; BYTEENA_REG_B                      ; CLOCK1                           ; Untyped        ;
; INDATA_ACLR_B                      ; NONE                             ; Untyped        ;
; WRCONTROL_ACLR_B                   ; NONE                             ; Untyped        ;
; ADDRESS_ACLR_B                     ; NONE                             ; Untyped        ;
; OUTDATA_ACLR_B                     ; NONE                             ; Untyped        ;
; RDCONTROL_ACLR_B                   ; NONE                             ; Untyped        ;
; BYTEENA_ACLR_B                     ; NONE                             ; Untyped        ;
; WIDTH_BYTEENA_A                    ; 1                                ; Untyped        ;
; WIDTH_BYTEENA_B                    ; 1                                ; Untyped        ;
; RAM_BLOCK_TYPE                     ; AUTO                             ; Untyped        ;
; BYTE_SIZE                          ; 8                                ; Untyped        ;
; READ_DURING_WRITE_MODE_MIXED_PORTS ; DONT_CARE                        ; Untyped        ;
; READ_DURING_WRITE_MODE_PORT_A      ; NEW_DATA_NO_NBE_READ             ; Untyped        ;
; READ_DURING_WRITE_MODE_PORT_B      ; NEW_DATA_NO_NBE_READ             ; Untyped        ;
; INIT_FILE                          ; db/fifo.ram0_fifo_34ae1a.hdl.mif ; Untyped        ;
; INIT_FILE_LAYOUT                   ; PORT_A                           ; Untyped        ;
; MAXIMUM_DEPTH                      ; 0                                ; Untyped        ;
; CLOCK_ENABLE_INPUT_A               ; NORMAL                           ; Untyped        ;
; CLOCK_ENABLE_INPUT_B               ; NORMAL                           ; Untyped        ;
; CLOCK_ENABLE_OUTPUT_A              ; NORMAL                           ; Untyped        ;
; CLOCK_ENABLE_OUTPUT_B              ; NORMAL                           ; Untyped        ;
; CLOCK_ENABLE_CORE_A                ; USE_INPUT_CLKEN                  ; Untyped        ;
; CLOCK_ENABLE_CORE_B                ; USE_INPUT_CLKEN                  ; Untyped        ;
; ENABLE_ECC                         ; FALSE                            ; Untyped        ;
; ECC_PIPELINE_STAGE_ENABLED         ; FALSE                            ; Untyped        ;
; WIDTH_ECCSTATUS                    ; 3                                ; Untyped        ;
; DEVICE_FAMILY                      ; Cyclone IV E                     ; Untyped        ;
; CBXI_PARAMETER                     ; altsyncram_e5g1                  ; Untyped        ;
+------------------------------------+----------------------------------+----------------+
Note: In order to hide this table in the UI and the text report file, please set the "Show Parameter Settings in Synthesis Report" option in "Analysis and Synthesis Settings -> More Settings" to "Off".


+--------------------------------------------------------------------------+
; altsyncram Parameter Settings by Entity Instance                         ;
+-------------------------------------------+------------------------------+
; Name                                      ; Value                        ;
+-------------------------------------------+------------------------------+
; Number of entity instances                ; 1                            ;
; Entity Instance                           ; altsyncram:r_fifo_data_rtl_0 ;
;     -- OPERATION_MODE                     ; DUAL_PORT                    ;
;     -- WIDTH_A                            ; 8                            ;
;     -- NUMWORDS_A                         ; 10                           ;
;     -- OUTDATA_REG_A                      ; UNREGISTERED                 ;
;     -- WIDTH_B                            ; 8                            ;
;     -- NUMWORDS_B                         ; 10                           ;
;     -- ADDRESS_REG_B                      ; CLOCK0                       ;
;     -- OUTDATA_REG_B                      ; UNREGISTERED                 ;
;     -- RAM_BLOCK_TYPE                     ; AUTO                         ;
;     -- READ_DURING_WRITE_MODE_MIXED_PORTS ; DONT_CARE                    ;
+-------------------------------------------+------------------------------+


+-----------------------------------------------------+
; Post-Synthesis Netlist Statistics for Top Partition ;
+-----------------------+-----------------------------+
; Type                  ; Count                       ;
+-----------------------+-----------------------------+
; boundary_port         ; 22                          ;
; cycloneiii_ff         ; 38                          ;
;     ENA               ; 4                           ;
;     ENA SCLR          ; 5                           ;
;     plain             ; 29                          ;
; cycloneiii_lcell_comb ; 39                          ;
;     arith             ; 4                           ;
;         2 data inputs ; 1                           ;
;         3 data inputs ; 3                           ;
;     normal            ; 35                          ;
;         2 data inputs ; 6                           ;
;         3 data inputs ; 7                           ;
;         4 data inputs ; 22                          ;
; cycloneiii_ram_block  ; 8                           ;
;                       ;                             ;
; Max LUT depth         ; 3.00                        ;
; Average LUT depth     ; 1.85                        ;
+-----------------------+-----------------------------+


+-------------------------------+
; Elapsed Time Per Partition    ;
+----------------+--------------+
; Partition Name ; Elapsed Time ;
+----------------+--------------+
; Top            ; 00:00:01     ;
+----------------+--------------+


+--------------------------------+
; Analysis & Synthesis Equations ;
+--------------------------------+
The equations can be found in C:/Users/adeni/Documents/Mestrado/amc_vhdl/study/fifo/output_files/fifo.map.eqn.


+-------------------------------+
; Analysis & Synthesis Messages ;
+-------------------------------+
Info: *******************************************************************
Info: Running Quartus Prime Analysis & Synthesis
    Info: Version 20.1.0 Build 711 06/05/2020 SJ Lite Edition
    Info: Processing started: Fri Jul 31 20:07:11 2020
Info: Command: quartus_map --read_settings_files=on --write_settings_files=off fifo -c fifo
Warning (18236): Number of processors has not been specified which may cause overloading on shared machines.  Set the global assignment NUM_PARALLEL_PROCESSORS in your QSF to an appropriate value for best performance.
Info (20030): Parallel compilation is enabled and will use 6 of the 6 processors detected
Info (12021): Found 2 design units, including 1 entities, in source file fifo.vhd
    Info (12022): Found design unit 1: fifo-bhv File: C:/Users/adeni/Documents/Mestrado/amc_vhdl/study/fifo/fifo.vhd Line: 23
    Info (12023): Found entity 1: fifo File: C:/Users/adeni/Documents/Mestrado/amc_vhdl/study/fifo/fifo.vhd Line: 5
Info (12127): Elaborating entity "fifo" for the top level hierarchy
Warning (113028): 6 out of 16 addresses are uninitialized. The Quartus Prime software will initialize them to "0". There are 1 warnings found, and 1 warnings are reported. File: C:/Users/adeni/Documents/Mestrado/amc_vhdl/study/fifo/db/fifo.ram0_fifo_34ae1a.hdl.mif Line: 1
    Warning (113027): Addresses ranging from 10 to 15 are not initialized File: C:/Users/adeni/Documents/Mestrado/amc_vhdl/study/fifo/db/fifo.ram0_fifo_34ae1a.hdl.mif Line: 1
Warning (276020): Inferred RAM node "r_fifo_data_rtl_0" from synchronous design logic.  Pass-through logic has been added to match the read-during-write behavior of the original design.
Info (19000): Inferred 1 megafunctions from design logic
    Info (276029): Inferred altsyncram megafunction from the following design logic: "r_fifo_data_rtl_0" 
        Info (286033): Parameter OPERATION_MODE set to DUAL_PORT
        Info (286033): Parameter WIDTH_A set to 8
        Info (286033): Parameter WIDTHAD_A set to 4
        Info (286033): Parameter NUMWORDS_A set to 10
        Info (286033): Parameter WIDTH_B set to 8
        Info (286033): Parameter WIDTHAD_B set to 4
        Info (286033): Parameter NUMWORDS_B set to 10
        Info (286033): Parameter ADDRESS_ACLR_A set to NONE
        Info (286033): Parameter OUTDATA_REG_B set to UNREGISTERED
        Info (286033): Parameter ADDRESS_ACLR_B set to NONE
        Info (286033): Parameter OUTDATA_ACLR_B set to NONE
        Info (286033): Parameter ADDRESS_REG_B set to CLOCK0
        Info (286033): Parameter INDATA_ACLR_A set to NONE
        Info (286033): Parameter WRCONTROL_ACLR_A set to NONE
        Info (286033): Parameter INIT_FILE set to db/fifo.ram0_fifo_34ae1a.hdl.mif
Info (12130): Elaborated megafunction instantiation "altsyncram:r_fifo_data_rtl_0"
Info (12133): Instantiated megafunction "altsyncram:r_fifo_data_rtl_0" with the following parameter:
    Info (12134): Parameter "OPERATION_MODE" = "DUAL_PORT"
    Info (12134): Parameter "WIDTH_A" = "8"
    Info (12134): Parameter "WIDTHAD_A" = "4"
    Info (12134): Parameter "NUMWORDS_A" = "10"
    Info (12134): Parameter "WIDTH_B" = "8"
    Info (12134): Parameter "WIDTHAD_B" = "4"
    Info (12134): Parameter "NUMWORDS_B" = "10"
    Info (12134): Parameter "ADDRESS_ACLR_A" = "NONE"
    Info (12134): Parameter "OUTDATA_REG_B" = "UNREGISTERED"
    Info (12134): Parameter "ADDRESS_ACLR_B" = "NONE"
    Info (12134): Parameter "OUTDATA_ACLR_B" = "NONE"
    Info (12134): Parameter "ADDRESS_REG_B" = "CLOCK0"
    Info (12134): Parameter "INDATA_ACLR_A" = "NONE"
    Info (12134): Parameter "WRCONTROL_ACLR_A" = "NONE"
    Info (12134): Parameter "INIT_FILE" = "db/fifo.ram0_fifo_34ae1a.hdl.mif"
Info (12021): Found 1 design units, including 1 entities, in source file db/altsyncram_e5g1.tdf
    Info (12023): Found entity 1: altsyncram_e5g1 File: C:/Users/adeni/Documents/Mestrado/amc_vhdl/study/fifo/db/altsyncram_e5g1.tdf Line: 28
Info (286030): Timing-Driven Synthesis is running
Info (16010): Generating hard_block partition "hard_block:auto_generated_inst"
    Info (16011): Adding 0 node(s), including 0 DDIO, 0 PLL, 0 transceiver and 0 LCELL
Info (21057): Implemented 98 device resources after synthesis - the final resource count might be different
    Info (21058): Implemented 12 input pins
    Info (21059): Implemented 10 output pins
    Info (21061): Implemented 68 logic cells
    Info (21064): Implemented 8 RAM segments
Info: Quartus Prime Analysis & Synthesis was successful. 0 errors, 4 warnings
    Info: Peak virtual memory: 4812 megabytes
    Info: Processing ended: Fri Jul 31 20:07:20 2020
    Info: Elapsed time: 00:00:09
    Info: Total CPU time (on all processors): 00:00:17


