Analysis & Synthesis report for mac
Tue Oct 13 13:37:39 2020
Quartus Prime Version 20.1.0 Build 711 06/05/2020 SJ Lite Edition


---------------------
; Table of Contents ;
---------------------
  1. Legal Notice
  2. Analysis & Synthesis Summary
  3. Analysis & Synthesis Settings
  4. Parallel Compilation
  5. Analysis & Synthesis Source Files Read
  6. Analysis & Synthesis Resource Usage Summary
  7. Analysis & Synthesis Resource Utilization by Entity
  8. Analysis & Synthesis DSP Block Usage Summary
  9. Analysis & Synthesis IP Cores Summary
 10. General Register Statistics
 11. Source assignments for mac_alt:mac|altmult_accum:altmult_accum_component|mult_accum_cf22:auto_generated|ded_mult_i381:ded_mult1|dffpipe_b3c:pre_result
 12. Parameter Settings for User Entity Instance: mac_alt:mac|altmult_accum:altmult_accum_component
 13. altmult_accum Parameter Settings by Entity Instance
 14. Post-Synthesis Netlist Statistics for Top Partition
 15. Elapsed Time Per Partition
 16. Analysis & Synthesis Equations
 17. Analysis & Synthesis Messages



----------------
; Legal Notice ;
----------------
Copyright (C) 2020  Intel Corporation. All rights reserved.
Your use of Intel Corporation's design tools, logic functions 
and other software and tools, and any partner logic 
functions, and any output files from any of the foregoing 
(including device programming or simulation files), and any 
associated documentation or information are expressly subject 
to the terms and conditions of the Intel Program License 
Subscription Agreement, the Intel Quartus Prime License Agreement,
the Intel FPGA IP License Agreement, or other applicable license
agreement, including, without limitation, that your use is for
the sole purpose of programming logic devices manufactured by
Intel and sold by Intel or its authorized distributors.  Please
refer to the applicable agreement for further details, at
https://fpgasoftware.intel.com/eula.



+----------------------------------------------------------------------------------+
; Analysis & Synthesis Summary                                                     ;
+------------------------------------+---------------------------------------------+
; Analysis & Synthesis Status        ; Successful - Tue Oct 13 13:37:39 2020       ;
; Quartus Prime Version              ; 20.1.0 Build 711 06/05/2020 SJ Lite Edition ;
; Revision Name                      ; mac                                         ;
; Top-level Entity Name              ; mac                                         ;
; Family                             ; Cyclone IV E                                ;
; Total logic elements               ; 16                                          ;
;     Total combinational functions  ; 16                                          ;
;     Dedicated logic registers      ; 16                                          ;
; Total registers                    ; 16                                          ;
; Total pins                         ; 34                                          ;
; Total virtual pins                 ; 0                                           ;
; Total memory bits                  ; 0                                           ;
; Embedded Multiplier 9-bit elements ; 1                                           ;
; Total PLLs                         ; 0                                           ;
+------------------------------------+---------------------------------------------+


+------------------------------------------------------------------------------------------------------------+
; Analysis & Synthesis Settings                                                                              ;
+------------------------------------------------------------------+--------------------+--------------------+
; Option                                                           ; Setting            ; Default Value      ;
+------------------------------------------------------------------+--------------------+--------------------+
; Device                                                           ; EP4CE115F29C7      ;                    ;
; Top-level entity name                                            ; mac                ; mac                ;
; Family name                                                      ; Cyclone IV E       ; Cyclone V          ;
; Use smart compilation                                            ; Off                ; Off                ;
; Enable parallel Assembler and Timing Analyzer during compilation ; On                 ; On                 ;
; Enable compact report table                                      ; Off                ; Off                ;
; Restructure Multiplexers                                         ; Auto               ; Auto               ;
; Create Debugging Nodes for IP Cores                              ; Off                ; Off                ;
; Preserve fewer node names                                        ; On                 ; On                 ;
; Intel FPGA IP Evaluation Mode                                    ; Enable             ; Enable             ;
; Verilog Version                                                  ; Verilog_2001       ; Verilog_2001       ;
; VHDL Version                                                     ; VHDL_1993          ; VHDL_1993          ;
; State Machine Processing                                         ; Auto               ; Auto               ;
; Safe State Machine                                               ; Off                ; Off                ;
; Extract Verilog State Machines                                   ; On                 ; On                 ;
; Extract VHDL State Machines                                      ; On                 ; On                 ;
; Ignore Verilog initial constructs                                ; Off                ; Off                ;
; Iteration limit for constant Verilog loops                       ; 5000               ; 5000               ;
; Iteration limit for non-constant Verilog loops                   ; 250                ; 250                ;
; Add Pass-Through Logic to Inferred RAMs                          ; On                 ; On                 ;
; Infer RAMs from Raw Logic                                        ; On                 ; On                 ;
; Parallel Synthesis                                               ; On                 ; On                 ;
; DSP Block Balancing                                              ; Auto               ; Auto               ;
; NOT Gate Push-Back                                               ; On                 ; On                 ;
; Power-Up Don't Care                                              ; On                 ; On                 ;
; Remove Redundant Logic Cells                                     ; Off                ; Off                ;
; Remove Duplicate Registers                                       ; On                 ; On                 ;
; Ignore CARRY Buffers                                             ; Off                ; Off                ;
; Ignore CASCADE Buffers                                           ; Off                ; Off                ;
; Ignore GLOBAL Buffers                                            ; Off                ; Off                ;
; Ignore ROW GLOBAL Buffers                                        ; Off                ; Off                ;
; Ignore LCELL Buffers                                             ; Off                ; Off                ;
; Ignore SOFT Buffers                                              ; On                 ; On                 ;
; Limit AHDL Integers to 32 Bits                                   ; Off                ; Off                ;
; Optimization Technique                                           ; Balanced           ; Balanced           ;
; Carry Chain Length                                               ; 70                 ; 70                 ;
; Auto Carry Chains                                                ; On                 ; On                 ;
; Auto Open-Drain Pins                                             ; On                 ; On                 ;
; Perform WYSIWYG Primitive Resynthesis                            ; Off                ; Off                ;
; Auto ROM Replacement                                             ; On                 ; On                 ;
; Auto RAM Replacement                                             ; On                 ; On                 ;
; Auto DSP Block Replacement                                       ; On                 ; On                 ;
; Auto Shift Register Replacement                                  ; Auto               ; Auto               ;
; Allow Shift Register Merging across Hierarchies                  ; Auto               ; Auto               ;
; Auto Clock Enable Replacement                                    ; On                 ; On                 ;
; Strict RAM Replacement                                           ; Off                ; Off                ;
; Allow Synchronous Control Signals                                ; On                 ; On                 ;
; Force Use of Synchronous Clear Signals                           ; Off                ; Off                ;
; Auto RAM Block Balancing                                         ; On                 ; On                 ;
; Auto RAM to Logic Cell Conversion                                ; Off                ; Off                ;
; Auto Resource Sharing                                            ; Off                ; Off                ;
; Allow Any RAM Size For Recognition                               ; Off                ; Off                ;
; Allow Any ROM Size For Recognition                               ; Off                ; Off                ;
; Allow Any Shift Register Size For Recognition                    ; Off                ; Off                ;
; Use LogicLock Constraints during Resource Balancing              ; On                 ; On                 ;
; Ignore translate_off and synthesis_off directives                ; Off                ; Off                ;
; Timing-Driven Synthesis                                          ; On                 ; On                 ;
; Report Parameter Settings                                        ; On                 ; On                 ;
; Report Source Assignments                                        ; On                 ; On                 ;
; Report Connectivity Checks                                       ; On                 ; On                 ;
; Ignore Maximum Fan-Out Assignments                               ; Off                ; Off                ;
; Synchronization Register Chain Length                            ; 2                  ; 2                  ;
; Power Optimization During Synthesis                              ; Normal compilation ; Normal compilation ;
; HDL message level                                                ; Level2             ; Level2             ;
; Suppress Register Optimization Related Messages                  ; Off                ; Off                ;
; Number of Removed Registers Reported in Synthesis Report         ; 5000               ; 5000               ;
; Number of Swept Nodes Reported in Synthesis Report               ; 5000               ; 5000               ;
; Number of Inverted Registers Reported in Synthesis Report        ; 100                ; 100                ;
; Clock MUX Protection                                             ; On                 ; On                 ;
; Auto Gated Clock Conversion                                      ; Off                ; Off                ;
; Block Design Naming                                              ; Auto               ; Auto               ;
; SDC constraint protection                                        ; Off                ; Off                ;
; Synthesis Effort                                                 ; Auto               ; Auto               ;
; Shift Register Replacement - Allow Asynchronous Clear Signal     ; On                 ; On                 ;
; Pre-Mapping Resynthesis Optimization                             ; Off                ; Off                ;
; Analysis & Synthesis Message Level                               ; Medium             ; Medium             ;
; Disable Register Merging Across Hierarchies                      ; Auto               ; Auto               ;
; Resource Aware Inference For Block RAM                           ; On                 ; On                 ;
+------------------------------------------------------------------+--------------------+--------------------+


+------------------------------------------+
; Parallel Compilation                     ;
+----------------------------+-------------+
; Processors                 ; Number      ;
+----------------------------+-------------+
; Number detected on machine ; 12          ;
; Maximum allowed            ; 6           ;
;                            ;             ;
; Average used               ; 1.00        ;
; Maximum used               ; 6           ;
;                            ;             ;
; Usage by Processor         ; % Time Used ;
;     Processor 1            ; 100.0%      ;
;     Processors 2-6         ;   0.0%      ;
+----------------------------+-------------+


+---------------------------------------------------------------------------------------------------------------------------------------------------------------------------+
; Analysis & Synthesis Source Files Read                                                                                                                                    ;
+----------------------------------+-----------------+------------------------------+-----------------------------------------------------------------------------+---------+
; File Name with User-Entered Path ; Used in Netlist ; File Type                    ; File Name with Absolute Path                                                ; Library ;
+----------------------------------+-----------------+------------------------------+-----------------------------------------------------------------------------+---------+
; mac.vhd                          ; yes             ; User VHDL File               ; C:/Users/adeni/Documents/Mestrado/amc_vhdl/study/mac/mac.vhd                ;         ;
; mac_alt.vhd                      ; yes             ; User Wizard-Generated File   ; C:/Users/adeni/Documents/Mestrado/amc_vhdl/study/mac/mac_alt.vhd            ;         ;
; altmult_accum.tdf                ; yes             ; Megafunction                 ; c:/intelfpga_lite/20.1/quartus/libraries/megafunctions/altmult_accum.tdf    ;         ;
; db/mult_accum_cf22.tdf           ; yes             ; Auto-Generated Megafunction  ; C:/Users/adeni/Documents/Mestrado/amc_vhdl/study/mac/db/mult_accum_cf22.tdf ;         ;
; db/ded_mult_i381.tdf             ; yes             ; Auto-Generated Megafunction  ; C:/Users/adeni/Documents/Mestrado/amc_vhdl/study/mac/db/ded_mult_i381.tdf   ;         ;
; db/dffpipe_b3c.tdf               ; yes             ; Auto-Generated Megafunction  ; C:/Users/adeni/Documents/Mestrado/amc_vhdl/study/mac/db/dffpipe_b3c.tdf     ;         ;
; db/zaccum_t6k.tdf                ; yes             ; Auto-Generated Megafunction  ; C:/Users/adeni/Documents/Mestrado/amc_vhdl/study/mac/db/zaccum_t6k.tdf      ;         ;
; db/accum_vgk.tdf                 ; yes             ; Auto-Generated Megafunction  ; C:/Users/adeni/Documents/Mestrado/amc_vhdl/study/mac/db/accum_vgk.tdf       ;         ;
+----------------------------------+-----------------+------------------------------+-----------------------------------------------------------------------------+---------+


+---------------------------------------------------------+
; Analysis & Synthesis Resource Usage Summary             ;
+---------------------------------------------+-----------+
; Resource                                    ; Usage     ;
+---------------------------------------------+-----------+
; Estimated Total logic elements              ; 16        ;
;                                             ;           ;
; Total combinational functions               ; 16        ;
; Logic element usage by number of LUT inputs ;           ;
;     -- 4 input functions                    ; 0         ;
;     -- 3 input functions                    ; 15        ;
;     -- <=2 input functions                  ; 1         ;
;                                             ;           ;
; Logic elements by mode                      ;           ;
;     -- normal mode                          ; 1         ;
;     -- arithmetic mode                      ; 15        ;
;                                             ;           ;
; Total registers                             ; 16        ;
;     -- Dedicated logic registers            ; 16        ;
;     -- I/O registers                        ; 0         ;
;                                             ;           ;
; I/O pins                                    ; 34        ;
;                                             ;           ;
; Embedded Multiplier 9-bit elements          ; 1         ;
;                                             ;           ;
; Maximum fan-out node                        ; clk~input ;
; Maximum fan-out                             ; 18        ;
; Total fan-out                               ; 148       ;
; Average fan-out                             ; 1.45      ;
+---------------------------------------------+-----------+


+--------------------------------------------------------------------------------------------------------------------------------------------------------------------------------------------------------------------------------------------------------------------------------------------------------------------------------------+
; Analysis & Synthesis Resource Utilization by Entity                                                                                                                                                                                                                                                                                  ;
+-----------------------------------------------+---------------------+---------------------------+-------------+--------------+---------+-----------+------+--------------+--------------------------------------------------------------------------------------------------------------------------+-----------------+--------------+
; Compilation Hierarchy Node                    ; Combinational ALUTs ; Dedicated Logic Registers ; Memory Bits ; DSP Elements ; DSP 9x9 ; DSP 18x18 ; Pins ; Virtual Pins ; Full Hierarchy Name                                                                                                      ; Entity Name     ; Library Name ;
+-----------------------------------------------+---------------------+---------------------------+-------------+--------------+---------+-----------+------+--------------+--------------------------------------------------------------------------------------------------------------------------+-----------------+--------------+
; |mac                                          ; 16 (0)              ; 16 (0)                    ; 0           ; 1            ; 1       ; 0         ; 34   ; 0            ; |mac                                                                                                                     ; mac_alt         ; work         ;
;    |mac_alt:mac|                              ; 16 (0)              ; 16 (0)                    ; 0           ; 1            ; 1       ; 0         ; 0    ; 0            ; |mac|mac_alt:mac                                                                                                         ; mac_alt         ; work         ;
;       |altmult_accum:altmult_accum_component| ; 16 (0)              ; 16 (0)                    ; 0           ; 1            ; 1       ; 0         ; 0    ; 0            ; |mac|mac_alt:mac|altmult_accum:altmult_accum_component                                                                   ; altmult_accum   ; work         ;
;          |mult_accum_cf22:auto_generated|     ; 16 (0)              ; 16 (0)                    ; 0           ; 1            ; 1       ; 0         ; 0    ; 0            ; |mac|mac_alt:mac|altmult_accum:altmult_accum_component|mult_accum_cf22:auto_generated                                    ; mult_accum_cf22 ; work         ;
;             |ded_mult_i381:ded_mult1|         ; 0 (0)               ; 0 (0)                     ; 0           ; 1            ; 1       ; 0         ; 0    ; 0            ; |mac|mac_alt:mac|altmult_accum:altmult_accum_component|mult_accum_cf22:auto_generated|ded_mult_i381:ded_mult1            ; ded_mult_i381   ; work         ;
;             |zaccum_t6k:zaccum2|              ; 16 (0)              ; 16 (0)                    ; 0           ; 0            ; 0       ; 0         ; 0    ; 0            ; |mac|mac_alt:mac|altmult_accum:altmult_accum_component|mult_accum_cf22:auto_generated|zaccum_t6k:zaccum2                 ; zaccum_t6k      ; work         ;
;                |accum_vgk:accum|              ; 16 (16)             ; 16 (16)                   ; 0           ; 0            ; 0       ; 0         ; 0    ; 0            ; |mac|mac_alt:mac|altmult_accum:altmult_accum_component|mult_accum_cf22:auto_generated|zaccum_t6k:zaccum2|accum_vgk:accum ; accum_vgk       ; work         ;
+-----------------------------------------------+---------------------+---------------------------+-------------+--------------+---------+-----------+------+--------------+--------------------------------------------------------------------------------------------------------------------------+-----------------+--------------+
Note: For table entries with two numbers listed, the numbers in parentheses indicate the number of resources of the given type used by the specific entity alone. The numbers listed outside of parentheses indicate the total resources of the given type used by the specific entity and all of its sub-entities in the hierarchy.


+-----------------------------------------------------+
; Analysis & Synthesis DSP Block Usage Summary        ;
+---------------------------------------+-------------+
; Statistic                             ; Number Used ;
+---------------------------------------+-------------+
; Simple Multipliers (9-bit)            ; 1           ;
; Simple Multipliers (18-bit)           ; 0           ;
; Embedded Multiplier Blocks            ; --          ;
; Embedded Multiplier 9-bit elements    ; 1           ;
; Signed Embedded Multipliers           ; 1           ;
; Unsigned Embedded Multipliers         ; 0           ;
; Mixed Sign Embedded Multipliers       ; 0           ;
; Variable Sign Embedded Multipliers    ; 0           ;
; Dedicated Input Shift Register Chains ; 0           ;
+---------------------------------------+-------------+
Note: number of Embedded Multiplier Blocks used is only available after a successful fit.


+-----------------------------------------------------------------------------------------------------------+
; Analysis & Synthesis IP Cores Summary                                                                     ;
+--------+---------------------+---------+--------------+--------------+------------------+-----------------+
; Vendor ; IP Core Name        ; Version ; Release Date ; License Type ; Entity Instance  ; IP Include File ;
+--------+---------------------+---------+--------------+--------------+------------------+-----------------+
; Altera ; ALTMULT_ACCUM (MAC) ; 20.1    ; N/A          ; N/A          ; |mac|mac_alt:mac ; mac_alt.vhd     ;
+--------+---------------------+---------+--------------+--------------+------------------+-----------------+


+------------------------------------------------------+
; General Register Statistics                          ;
+----------------------------------------------+-------+
; Statistic                                    ; Value ;
+----------------------------------------------+-------+
; Total registers                              ; 16    ;
; Number of registers using Synchronous Clear  ; 0     ;
; Number of registers using Synchronous Load   ; 0     ;
; Number of registers using Asynchronous Clear ; 0     ;
; Number of registers using Asynchronous Load  ; 0     ;
; Number of registers using Clock Enable       ; 0     ;
; Number of registers using Preset             ; 0     ;
+----------------------------------------------+-------+


+--------------------------------------------------------------------------------------------------------------------------------------------------------+
; Source assignments for mac_alt:mac|altmult_accum:altmult_accum_component|mult_accum_cf22:auto_generated|ded_mult_i381:ded_mult1|dffpipe_b3c:pre_result ;
+---------------------------------+-------+------+-------------------------------------------------------------------------------------------------------+
; Assignment                      ; Value ; From ; To                                                                                                    ;
+---------------------------------+-------+------+-------------------------------------------------------------------------------------------------------+
; AUTO_SHIFT_REGISTER_RECOGNITION ; OFF   ; -    ; -                                                                                                     ;
+---------------------------------+-------+------+-------------------------------------------------------------------------------------------------------+


+------------------------------------------------------------------------------------------------+
; Parameter Settings for User Entity Instance: mac_alt:mac|altmult_accum:altmult_accum_component ;
+--------------------------------------+-----------------+---------------------------------------+
; Parameter Name                       ; Value           ; Type                                  ;
+--------------------------------------+-----------------+---------------------------------------+
; ACCUM_DIRECTION                      ; ADD             ; Untyped                               ;
; ACCUM_ROUND_ACLR                     ; ACLR0           ; Untyped                               ;
; ACCUM_ROUND_PIPELINE_ACLR            ; ACLR0           ; Untyped                               ;
; ACCUM_ROUND_PIPELINE_REG             ; CLOCK0          ; Untyped                               ;
; ACCUM_ROUND_REG                      ; CLOCK0          ; Untyped                               ;
; ACCUM_SATURATION_ACLR                ; ACLR0           ; Untyped                               ;
; ACCUM_SATURATION_PIPELINE_ACLR       ; ACLR0           ; Untyped                               ;
; ACCUM_SATURATION_PIPELINE_REG        ; CLOCK0          ; Untyped                               ;
; ACCUM_SATURATION_REG                 ; CLOCK0          ; Untyped                               ;
; ACCUM_SLOAD_ACLR                     ; ACLR0           ; Untyped                               ;
; ACCUM_SLOAD_PIPELINE_ACLR            ; ACLR0           ; Untyped                               ;
; ACCUM_SLOAD_PIPELINE_REG             ; CLOCK0          ; Untyped                               ;
; ACCUM_SLOAD_REG                      ; CLOCK0          ; Untyped                               ;
; ACCUM_SLOAD_UPPER_DATA_ACLR          ; ACLR0           ; Untyped                               ;
; ACCUM_SLOAD_UPPER_DATA_PIPELINE_ACLR ; ACLR0           ; Untyped                               ;
; ACCUM_SLOAD_UPPER_DATA_PIPELINE_REG  ; CLOCK0          ; Untyped                               ;
; ACCUM_SLOAD_UPPER_DATA_REG           ; CLOCK0          ; Untyped                               ;
; ACCUMULATOR_ROUNDING                 ; NO              ; Untyped                               ;
; ACCUMULATOR_SATURATION               ; NO              ; Untyped                               ;
; ADDNSUB_ACLR                         ; ACLR0           ; Untyped                               ;
; ADDNSUB_PIPELINE_ACLR                ; ACLR0           ; Untyped                               ;
; ADDNSUB_PIPELINE_REG                 ; CLOCK0          ; Untyped                               ;
; ADDNSUB_REG                          ; CLOCK0          ; Untyped                               ;
; COEF0_0                              ; 0               ; Untyped                               ;
; COEF0_1                              ; 0               ; Untyped                               ;
; COEF0_2                              ; 0               ; Untyped                               ;
; COEF0_3                              ; 0               ; Untyped                               ;
; COEF0_4                              ; 0               ; Untyped                               ;
; COEF0_5                              ; 0               ; Untyped                               ;
; COEF0_6                              ; 0               ; Untyped                               ;
; COEF0_7                              ; 0               ; Untyped                               ;
; COEF1_0                              ; 0               ; Untyped                               ;
; COEF1_1                              ; 0               ; Untyped                               ;
; COEF1_2                              ; 0               ; Untyped                               ;
; COEF1_3                              ; 0               ; Untyped                               ;
; COEF1_4                              ; 0               ; Untyped                               ;
; COEF1_5                              ; 0               ; Untyped                               ;
; COEF1_6                              ; 0               ; Untyped                               ;
; COEF1_7                              ; 0               ; Untyped                               ;
; COEF2_0                              ; 0               ; Untyped                               ;
; COEF2_1                              ; 0               ; Untyped                               ;
; COEF2_2                              ; 0               ; Untyped                               ;
; COEF2_3                              ; 0               ; Untyped                               ;
; COEF2_4                              ; 0               ; Untyped                               ;
; COEF2_5                              ; 0               ; Untyped                               ;
; COEF2_6                              ; 0               ; Untyped                               ;
; COEF2_7                              ; 0               ; Untyped                               ;
; COEF3_0                              ; 0               ; Untyped                               ;
; COEF3_1                              ; 0               ; Untyped                               ;
; COEF3_2                              ; 0               ; Untyped                               ;
; COEF3_3                              ; 0               ; Untyped                               ;
; COEF3_4                              ; 0               ; Untyped                               ;
; COEF3_5                              ; 0               ; Untyped                               ;
; COEF3_6                              ; 0               ; Untyped                               ;
; COEF3_7                              ; 0               ; Untyped                               ;
; COEFSEL0_ACLR                        ; ACLR0           ; Untyped                               ;
; COEFSEL0_REGISTER                    ; CLOCK0          ; Untyped                               ;
; COEFSEL1_ACLR                        ; ACLR0           ; Untyped                               ;
; COEFSEL1_REGISTER                    ; CLOCK0          ; Untyped                               ;
; COEFSEL2_ACLR                        ; ACLR0           ; Untyped                               ;
; COEFSEL2_REGISTER                    ; CLOCK0          ; Untyped                               ;
; COEFSEL3_ACLR                        ; ACLR0           ; Untyped                               ;
; COEFSEL3_REGISTER                    ; CLOCK0          ; Untyped                               ;
; DEDICATED_MULTIPLIER_CIRCUITRY       ; YES             ; Untyped                               ;
; DOUBLE_ACCUM                         ; NO              ; Untyped                               ;
; DSP_BLOCK_BALANCING                  ; AUTO            ; Untyped                               ;
; EXTRA_ACCUMULATOR_LATENCY            ; 0               ; Untyped                               ;
; EXTRA_MULTIPLIER_LATENCY             ; 0               ; Untyped                               ;
; INPUT_ACLR_A                         ; ACLR0           ; Untyped                               ;
; INPUT_ACLR_B                         ; ACLR0           ; Untyped                               ;
; INPUT_ACLR_C0                        ; ACLR0           ; Untyped                               ;
; INPUT_ACLR_C1                        ; ACLR0           ; Untyped                               ;
; INPUT_ACLR_C2                        ; ACLR0           ; Untyped                               ;
; INPUT_ACLR_C3                        ; ACLR0           ; Untyped                               ;
; INPUT_REG_A                          ; CLOCK0          ; Untyped                               ;
; INPUT_REG_B                          ; CLOCK0          ; Untyped                               ;
; INPUT_REGISTER_C0                    ; CLOCK0          ; Untyped                               ;
; INPUT_REGISTER_C1                    ; CLOCK0          ; Untyped                               ;
; INPUT_REGISTER_C2                    ; CLOCK0          ; Untyped                               ;
; INPUT_REGISTER_C3                    ; CLOCK0          ; Untyped                               ;
; INPUT_SOURCE_A                       ; DATAA           ; Untyped                               ;
; INPUT_SOURCE_B                       ; DATAB           ; Untyped                               ;
; LOADCONST_CONTROL_ACLR               ; ACLR0           ; Untyped                               ;
; LOADCONST_CONTROL_REGISTER           ; CLOCK0          ; Untyped                               ;
; LOADCONST_VALUE                      ; 64              ; Untyped                               ;
; MULT_ROUND_ACLR                      ; ACLR0           ; Untyped                               ;
; MULT_ROUND_REG                       ; CLOCK0          ; Untyped                               ;
; MULT_SATURATION_ACLR                 ; ACLR0           ; Untyped                               ;
; MULT_SATURATION_REG                  ; CLOCK0          ; Untyped                               ;
; MULTIPLIER1_DIRECTION                ; ADD             ; Untyped                               ;
; MULTIPLIER3_DIRECTION                ; ADD             ; Untyped                               ;
; MULTIPLIER_ACLR                      ; ACLR0           ; Untyped                               ;
; MULTIPLIER_REG                       ; CLOCK0          ; Untyped                               ;
; MULTIPLIER_ROUNDING                  ; NO              ; Untyped                               ;
; MULTIPLIER_SATURATION                ; NO              ; Untyped                               ;
; NUMBER_OF_MULTIPLIERS                ; 1               ; Untyped                               ;
; OUTPUT_ACLR                          ; ACLR0           ; Untyped                               ;
; OUTPUT_REG                           ; CLOCK0          ; Untyped                               ;
; PORT_ACCUM_IS_SATURATED              ; UNUSED          ; Untyped                               ;
; PORT_ADDNSUB                         ; PORT_UNUSED     ; Untyped                               ;
; PORT_MULT_IS_SATURATED               ; UNUSED          ; Untyped                               ;
; PORT_SIGNA                           ; PORT_UNUSED     ; Untyped                               ;
; PORT_SIGNB                           ; PORT_UNUSED     ; Untyped                               ;
; PREADDER_DIRECTION_0                 ; ADD             ; Untyped                               ;
; PREADDER_DIRECTION_1                 ; ADD             ; Untyped                               ;
; PREADDER_DIRECTION_2                 ; ADD             ; Untyped                               ;
; PREADDER_DIRECTION_3                 ; ADD             ; Untyped                               ;
; PREADDER_MODE                        ; SIMPLE          ; Untyped                               ;
; REPRESENTATION_A                     ; SIGNED          ; Untyped                               ;
; REPRESENTATION_B                     ; SIGNED          ; Untyped                               ;
; SIGN_ACLR_A                          ; ACLR0           ; Untyped                               ;
; SIGN_ACLR_B                          ; ACLR0           ; Untyped                               ;
; SIGN_PIPELINE_ACLR_A                 ; ACLR0           ; Untyped                               ;
; SIGN_PIPELINE_ACLR_B                 ; ACLR0           ; Untyped                               ;
; SIGN_PIPELINE_REG_A                  ; CLOCK0          ; Untyped                               ;
; SIGN_PIPELINE_REG_B                  ; CLOCK0          ; Untyped                               ;
; SIGN_REG_A                           ; CLOCK0          ; Untyped                               ;
; SIGN_REG_B                           ; CLOCK0          ; Untyped                               ;
; SYSTOLIC_ACLR1                       ; ACLR0           ; Untyped                               ;
; SYSTOLIC_ACLR3                       ; ACLR0           ; Untyped                               ;
; SYSTOLIC_DELAY1                      ; UNREGISTERED    ; Untyped                               ;
; SYSTOLIC_DELAY3                      ; UNREGISTERED    ; Untyped                               ;
; WIDTH_A                              ; 8               ; Signed Integer                        ;
; WIDTH_B                              ; 8               ; Signed Integer                        ;
; WIDTH_C                              ; 22              ; Untyped                               ;
; WIDTH_COEF                           ; 18              ; Untyped                               ;
; WIDTH_RESULT                         ; 16              ; Signed Integer                        ;
; WIDTH_UPPER_DATA                     ; 1               ; Untyped                               ;
; CBXI_PARAMETER                       ; mult_accum_cf22 ; Untyped                               ;
+--------------------------------------+-----------------+---------------------------------------+
Note: In order to hide this table in the UI and the text report file, please set the "Show Parameter Settings in Synthesis Report" option in "Analysis and Synthesis Settings -> More Settings" to "Off".


+-------------------------------------------------------------------------------------------+
; altmult_accum Parameter Settings by Entity Instance                                       ;
+---------------------------------------+---------------------------------------------------+
; Name                                  ; Value                                             ;
+---------------------------------------+---------------------------------------------------+
; Number of entity instances            ; 1                                                 ;
; Entity Instance                       ; mac_alt:mac|altmult_accum:altmult_accum_component ;
;     -- DEDICATED_MULTIPLIER_CIRCUITRY ; YES                                               ;
;     -- PORT_SIGNA                     ; PORT_UNUSED                                       ;
;     -- PORT_SIGNB                     ; PORT_UNUSED                                       ;
;     -- REPRESENTATION_A               ; SIGNED                                            ;
;     -- REPRESENTATION_B               ; SIGNED                                            ;
;     -- WIDTH_A                        ; 8                                                 ;
;     -- WIDTH_B                        ; 8                                                 ;
;     -- WIDTH_RESULT                   ; 16                                                ;
+---------------------------------------+---------------------------------------------------+


+-----------------------------------------------------+
; Post-Synthesis Netlist Statistics for Top Partition ;
+-----------------------+-----------------------------+
; Type                  ; Count                       ;
+-----------------------+-----------------------------+
; boundary_port         ; 34                          ;
; cycloneiii_ff         ; 16                          ;
;     plain             ; 16                          ;
; cycloneiii_lcell_comb ; 16                          ;
;     arith             ; 15                          ;
;         3 data inputs ; 15                          ;
;     normal            ; 1                           ;
;         2 data inputs ; 1                           ;
; cycloneiii_mac_mult   ; 1                           ;
; cycloneiii_mac_out    ; 1                           ;
;                       ;                             ;
; Max LUT depth         ; 2.50                        ;
; Average LUT depth     ; 1.27                        ;
+-----------------------+-----------------------------+


+-------------------------------+
; Elapsed Time Per Partition    ;
+----------------+--------------+
; Partition Name ; Elapsed Time ;
+----------------+--------------+
; Top            ; 00:00:00     ;
+----------------+--------------+


+--------------------------------+
; Analysis & Synthesis Equations ;
+--------------------------------+
The equations can be found in C:/Users/adeni/Documents/Mestrado/amc_vhdl/study/mac/output_files/mac.map.eqn.


+-------------------------------+
; Analysis & Synthesis Messages ;
+-------------------------------+
Info: *******************************************************************
Info: Running Quartus Prime Analysis & Synthesis
    Info: Version 20.1.0 Build 711 06/05/2020 SJ Lite Edition
    Info: Processing started: Tue Oct 13 13:37:29 2020
Info: Command: quartus_map --read_settings_files=on --write_settings_files=off mac -c mac
Warning (18236): Number of processors has not been specified which may cause overloading on shared machines.  Set the global assignment NUM_PARALLEL_PROCESSORS in your QSF to an appropriate value for best performance.
Info (20030): Parallel compilation is enabled and will use 6 of the 6 processors detected
Info (12021): Found 2 design units, including 1 entities, in source file mac.vhd
    Info (12022): Found design unit 1: mac-rtl File: C:/Users/adeni/Documents/Mestrado/amc_vhdl/study/mac/mac.vhd Line: 18
    Info (12023): Found entity 1: mac File: C:/Users/adeni/Documents/Mestrado/amc_vhdl/study/mac/mac.vhd Line: 5
Info (12021): Found 2 design units, including 1 entities, in source file mac_alt.vhd
    Info (12022): Found design unit 1: mac_alt-SYN File: C:/Users/adeni/Documents/Mestrado/amc_vhdl/study/mac/mac_alt.vhd Line: 54
    Info (12023): Found entity 1: mac_alt File: C:/Users/adeni/Documents/Mestrado/amc_vhdl/study/mac/mac_alt.vhd Line: 43
Info (12127): Elaborating entity "mac" for the top level hierarchy
Info (12128): Elaborating entity "mac_alt" for hierarchy "mac_alt:mac" File: C:/Users/adeni/Documents/Mestrado/amc_vhdl/study/mac/mac.vhd Line: 32
Info (12128): Elaborating entity "altmult_accum" for hierarchy "mac_alt:mac|altmult_accum:altmult_accum_component" File: C:/Users/adeni/Documents/Mestrado/amc_vhdl/study/mac/mac_alt.vhd Line: 108
Info (12130): Elaborated megafunction instantiation "mac_alt:mac|altmult_accum:altmult_accum_component" File: C:/Users/adeni/Documents/Mestrado/amc_vhdl/study/mac/mac_alt.vhd Line: 108
Info (12133): Instantiated megafunction "mac_alt:mac|altmult_accum:altmult_accum_component" with the following parameter: File: C:/Users/adeni/Documents/Mestrado/amc_vhdl/study/mac/mac_alt.vhd Line: 108
    Info (12134): Parameter "accum_direction" = "ADD"
    Info (12134): Parameter "addnsub_aclr" = "UNUSED"
    Info (12134): Parameter "addnsub_pipeline_aclr" = "UNUSED"
    Info (12134): Parameter "addnsub_pipeline_reg" = "CLOCK0"
    Info (12134): Parameter "addnsub_reg" = "CLOCK0"
    Info (12134): Parameter "dedicated_multiplier_circuitry" = "YES"
    Info (12134): Parameter "input_aclr_a" = "UNUSED"
    Info (12134): Parameter "input_aclr_b" = "UNUSED"
    Info (12134): Parameter "input_reg_a" = "CLOCK0"
    Info (12134): Parameter "input_reg_b" = "CLOCK0"
    Info (12134): Parameter "input_source_a" = "DATAA"
    Info (12134): Parameter "input_source_b" = "DATAB"
    Info (12134): Parameter "intended_device_family" = "Cyclone IV E"
    Info (12134): Parameter "lpm_type" = "altmult_accum"
    Info (12134): Parameter "multiplier_aclr" = "UNUSED"
    Info (12134): Parameter "multiplier_reg" = "CLOCK0"
    Info (12134): Parameter "output_aclr" = "UNUSED"
    Info (12134): Parameter "output_reg" = "CLOCK0"
    Info (12134): Parameter "port_addnsub" = "PORT_UNUSED"
    Info (12134): Parameter "port_signa" = "PORT_UNUSED"
    Info (12134): Parameter "port_signb" = "PORT_UNUSED"
    Info (12134): Parameter "representation_a" = "SIGNED"
    Info (12134): Parameter "representation_b" = "SIGNED"
    Info (12134): Parameter "sign_aclr_a" = "UNUSED"
    Info (12134): Parameter "sign_aclr_b" = "UNUSED"
    Info (12134): Parameter "sign_pipeline_aclr_a" = "UNUSED"
    Info (12134): Parameter "sign_pipeline_aclr_b" = "UNUSED"
    Info (12134): Parameter "sign_pipeline_reg_a" = "CLOCK0"
    Info (12134): Parameter "sign_pipeline_reg_b" = "CLOCK0"
    Info (12134): Parameter "sign_reg_a" = "CLOCK0"
    Info (12134): Parameter "sign_reg_b" = "CLOCK0"
    Info (12134): Parameter "width_a" = "8"
    Info (12134): Parameter "width_b" = "8"
    Info (12134): Parameter "width_result" = "16"
Info (12021): Found 1 design units, including 1 entities, in source file db/mult_accum_cf22.tdf
    Info (12023): Found entity 1: mult_accum_cf22 File: C:/Users/adeni/Documents/Mestrado/amc_vhdl/study/mac/db/mult_accum_cf22.tdf Line: 27
Info (12128): Elaborating entity "mult_accum_cf22" for hierarchy "mac_alt:mac|altmult_accum:altmult_accum_component|mult_accum_cf22:auto_generated" File: c:/intelfpga_lite/20.1/quartus/libraries/megafunctions/altmult_accum.tdf Line: 207
Info (12021): Found 1 design units, including 1 entities, in source file db/ded_mult_i381.tdf
    Info (12023): Found entity 1: ded_mult_i381 File: C:/Users/adeni/Documents/Mestrado/amc_vhdl/study/mac/db/ded_mult_i381.tdf Line: 31
Info (12128): Elaborating entity "ded_mult_i381" for hierarchy "mac_alt:mac|altmult_accum:altmult_accum_component|mult_accum_cf22:auto_generated|ded_mult_i381:ded_mult1" File: C:/Users/adeni/Documents/Mestrado/amc_vhdl/study/mac/db/mult_accum_cf22.tdf Line: 40
Info (12021): Found 1 design units, including 1 entities, in source file db/dffpipe_b3c.tdf
    Info (12023): Found entity 1: dffpipe_b3c File: C:/Users/adeni/Documents/Mestrado/amc_vhdl/study/mac/db/dffpipe_b3c.tdf Line: 25
Info (12128): Elaborating entity "dffpipe_b3c" for hierarchy "mac_alt:mac|altmult_accum:altmult_accum_component|mult_accum_cf22:auto_generated|ded_mult_i381:ded_mult1|dffpipe_b3c:pre_result" File: C:/Users/adeni/Documents/Mestrado/amc_vhdl/study/mac/db/ded_mult_i381.tdf Line: 53
Info (12021): Found 1 design units, including 1 entities, in source file db/zaccum_t6k.tdf
    Info (12023): Found entity 1: zaccum_t6k File: C:/Users/adeni/Documents/Mestrado/amc_vhdl/study/mac/db/zaccum_t6k.tdf Line: 25
Info (12128): Elaborating entity "zaccum_t6k" for hierarchy "mac_alt:mac|altmult_accum:altmult_accum_component|mult_accum_cf22:auto_generated|zaccum_t6k:zaccum2" File: C:/Users/adeni/Documents/Mestrado/amc_vhdl/study/mac/db/mult_accum_cf22.tdf Line: 41
Info (12021): Found 1 design units, including 1 entities, in source file db/accum_vgk.tdf
    Info (12023): Found entity 1: accum_vgk File: C:/Users/adeni/Documents/Mestrado/amc_vhdl/study/mac/db/accum_vgk.tdf Line: 26
Info (12128): Elaborating entity "accum_vgk" for hierarchy "mac_alt:mac|altmult_accum:altmult_accum_component|mult_accum_cf22:auto_generated|zaccum_t6k:zaccum2|accum_vgk:accum" File: C:/Users/adeni/Documents/Mestrado/amc_vhdl/study/mac/db/zaccum_t6k.tdf Line: 34
Info (286030): Timing-Driven Synthesis is running
Info (16010): Generating hard_block partition "hard_block:auto_generated_inst"
    Info (16011): Adding 0 node(s), including 0 DDIO, 0 PLL, 0 transceiver and 0 LCELL
Warning (21074): Design contains 1 input pin(s) that do not drive logic
    Warning (15610): No output dependent on input pin "sload" File: C:/Users/adeni/Documents/Mestrado/amc_vhdl/study/mac/mac.vhd Line: 11
Info (21057): Implemented 51 device resources after synthesis - the final resource count might be different
    Info (21058): Implemented 18 input pins
    Info (21059): Implemented 16 output pins
    Info (21061): Implemented 16 logic cells
    Info (21062): Implemented 1 DSP elements
Info: Quartus Prime Analysis & Synthesis was successful. 0 errors, 3 warnings
    Info: Peak virtual memory: 4810 megabytes
    Info: Processing ended: Tue Oct 13 13:37:39 2020
    Info: Elapsed time: 00:00:10
    Info: Total CPU time (on all processors): 00:00:20


