Analysis & Synthesis report for sram
Sun Oct 18 14:47:26 2020
Quartus Prime Version 20.1.0 Build 711 06/05/2020 SJ Lite Edition


---------------------
; Table of Contents ;
---------------------
  1. Legal Notice
  2. Analysis & Synthesis Summary
  3. Analysis & Synthesis Settings
  4. Parallel Compilation
  5. Analysis & Synthesis Source Files Read
  6. Analysis & Synthesis Resource Usage Summary
  7. Analysis & Synthesis Resource Utilization by Entity
  8. Analysis & Synthesis RAM Summary
  9. State Machine - |sram|r_sm
 10. State Machine - |sram|uart:uart_unit|uart_tx:transmitter|r_sm_main
 11. State Machine - |sram|uart:uart_unit|uart_rx:receiver|r_sm_main
 12. Registers Removed During Synthesis
 13. General Register Statistics
 14. Inverted Register Statistics
 15. Registers Added for RAM Pass-Through Logic
 16. Multiplexer Restructuring Statistics (Restructuring Performed)
 17. Source assignments for uart:uart_unit|fifo:fifo_tx|altsyncram:r_fifo_data_rtl_0|altsyncram_tcg1:auto_generated
 18. Source assignments for uart:uart_unit|fifo:fifo_rx|altsyncram:r_fifo_data_rtl_0|altsyncram_tcg1:auto_generated
 19. Parameter Settings for User Entity Instance: Top-level Entity: |sram
 20. Parameter Settings for User Entity Instance: uart:uart_unit
 21. Parameter Settings for User Entity Instance: uart:uart_unit|uart_rx:receiver
 22. Parameter Settings for User Entity Instance: uart:uart_unit|fifo:fifo_rx
 23. Parameter Settings for User Entity Instance: uart:uart_unit|uart_tx:transmitter
 24. Parameter Settings for User Entity Instance: uart:uart_unit|fifo:fifo_tx
 25. Parameter Settings for Inferred Entity Instance: uart:uart_unit|fifo:fifo_tx|altsyncram:r_fifo_data_rtl_0
 26. Parameter Settings for Inferred Entity Instance: uart:uart_unit|fifo:fifo_rx|altsyncram:r_fifo_data_rtl_0
 27. altsyncram Parameter Settings by Entity Instance
 28. Port Connectivity Checks: "uart:uart_unit|uart_tx:transmitter"
 29. Post-Synthesis Netlist Statistics for Top Partition
 30. Elapsed Time Per Partition
 31. Analysis & Synthesis Equations
 32. Analysis & Synthesis Messages



----------------
; Legal Notice ;
----------------
Copyright (C) 2020  Intel Corporation. All rights reserved.
Your use of Intel Corporation's design tools, logic functions 
and other software and tools, and any partner logic 
functions, and any output files from any of the foregoing 
(including device programming or simulation files), and any 
associated documentation or information are expressly subject 
to the terms and conditions of the Intel Program License 
Subscription Agreement, the Intel Quartus Prime License Agreement,
the Intel FPGA IP License Agreement, or other applicable license
agreement, including, without limitation, that your use is for
the sole purpose of programming logic devices manufactured by
Intel and sold by Intel or its authorized distributors.  Please
refer to the applicable agreement for further details, at
https://fpgasoftware.intel.com/eula.



+----------------------------------------------------------------------------------+
; Analysis & Synthesis Summary                                                     ;
+------------------------------------+---------------------------------------------+
; Analysis & Synthesis Status        ; Successful - Sun Oct 18 14:47:26 2020       ;
; Quartus Prime Version              ; 20.1.0 Build 711 06/05/2020 SJ Lite Edition ;
; Revision Name                      ; sram                                        ;
; Top-level Entity Name              ; sram                                        ;
; Family                             ; Cyclone IV E                                ;
; Total logic elements               ; 392                                         ;
;     Total combinational functions  ; 346                                         ;
;     Dedicated logic registers      ; 217                                         ;
; Total registers                    ; 217                                         ;
; Total pins                         ; 50                                          ;
; Total virtual pins                 ; 0                                           ;
; Total memory bits                  ; 160                                         ;
; Embedded Multiplier 9-bit elements ; 0                                           ;
; Total PLLs                         ; 0                                           ;
+------------------------------------+---------------------------------------------+


+------------------------------------------------------------------------------------------------------------+
; Analysis & Synthesis Settings                                                                              ;
+------------------------------------------------------------------+--------------------+--------------------+
; Option                                                           ; Setting            ; Default Value      ;
+------------------------------------------------------------------+--------------------+--------------------+
; Device                                                           ; EP4CE115F29C7      ;                    ;
; Top-level entity name                                            ; sram               ; sram               ;
; Family name                                                      ; Cyclone IV E       ; Cyclone V          ;
; VHDL Show LMF Mapping Messages                                   ; Off                ;                    ;
; VHDL Version                                                     ; VHDL_2008          ; VHDL_1993          ;
; Use smart compilation                                            ; Off                ; Off                ;
; Enable parallel Assembler and Timing Analyzer during compilation ; On                 ; On                 ;
; Enable compact report table                                      ; Off                ; Off                ;
; Restructure Multiplexers                                         ; Auto               ; Auto               ;
; Create Debugging Nodes for IP Cores                              ; Off                ; Off                ;
; Preserve fewer node names                                        ; On                 ; On                 ;
; Intel FPGA IP Evaluation Mode                                    ; Enable             ; Enable             ;
; Verilog Version                                                  ; Verilog_2001       ; Verilog_2001       ;
; State Machine Processing                                         ; Auto               ; Auto               ;
; Safe State Machine                                               ; Off                ; Off                ;
; Extract Verilog State Machines                                   ; On                 ; On                 ;
; Extract VHDL State Machines                                      ; On                 ; On                 ;
; Ignore Verilog initial constructs                                ; Off                ; Off                ;
; Iteration limit for constant Verilog loops                       ; 5000               ; 5000               ;
; Iteration limit for non-constant Verilog loops                   ; 250                ; 250                ;
; Add Pass-Through Logic to Inferred RAMs                          ; On                 ; On                 ;
; Infer RAMs from Raw Logic                                        ; On                 ; On                 ;
; Parallel Synthesis                                               ; On                 ; On                 ;
; DSP Block Balancing                                              ; Auto               ; Auto               ;
; NOT Gate Push-Back                                               ; On                 ; On                 ;
; Power-Up Don't Care                                              ; On                 ; On                 ;
; Remove Redundant Logic Cells                                     ; Off                ; Off                ;
; Remove Duplicate Registers                                       ; On                 ; On                 ;
; Ignore CARRY Buffers                                             ; Off                ; Off                ;
; Ignore CASCADE Buffers                                           ; Off                ; Off                ;
; Ignore GLOBAL Buffers                                            ; Off                ; Off                ;
; Ignore ROW GLOBAL Buffers                                        ; Off                ; Off                ;
; Ignore LCELL Buffers                                             ; Off                ; Off                ;
; Ignore SOFT Buffers                                              ; On                 ; On                 ;
; Limit AHDL Integers to 32 Bits                                   ; Off                ; Off                ;
; Optimization Technique                                           ; Balanced           ; Balanced           ;
; Carry Chain Length                                               ; 70                 ; 70                 ;
; Auto Carry Chains                                                ; On                 ; On                 ;
; Auto Open-Drain Pins                                             ; On                 ; On                 ;
; Perform WYSIWYG Primitive Resynthesis                            ; Off                ; Off                ;
; Auto ROM Replacement                                             ; On                 ; On                 ;
; Auto RAM Replacement                                             ; On                 ; On                 ;
; Auto DSP Block Replacement                                       ; On                 ; On                 ;
; Auto Shift Register Replacement                                  ; Auto               ; Auto               ;
; Allow Shift Register Merging across Hierarchies                  ; Auto               ; Auto               ;
; Auto Clock Enable Replacement                                    ; On                 ; On                 ;
; Strict RAM Replacement                                           ; Off                ; Off                ;
; Allow Synchronous Control Signals                                ; On                 ; On                 ;
; Force Use of Synchronous Clear Signals                           ; Off                ; Off                ;
; Auto RAM Block Balancing                                         ; On                 ; On                 ;
; Auto RAM to Logic Cell Conversion                                ; Off                ; Off                ;
; Auto Resource Sharing                                            ; Off                ; Off                ;
; Allow Any RAM Size For Recognition                               ; Off                ; Off                ;
; Allow Any ROM Size For Recognition                               ; Off                ; Off                ;
; Allow Any Shift Register Size For Recognition                    ; Off                ; Off                ;
; Use LogicLock Constraints during Resource Balancing              ; On                 ; On                 ;
; Ignore translate_off and synthesis_off directives                ; Off                ; Off                ;
; Timing-Driven Synthesis                                          ; On                 ; On                 ;
; Report Parameter Settings                                        ; On                 ; On                 ;
; Report Source Assignments                                        ; On                 ; On                 ;
; Report Connectivity Checks                                       ; On                 ; On                 ;
; Ignore Maximum Fan-Out Assignments                               ; Off                ; Off                ;
; Synchronization Register Chain Length                            ; 2                  ; 2                  ;
; Power Optimization During Synthesis                              ; Normal compilation ; Normal compilation ;
; HDL message level                                                ; Level2             ; Level2             ;
; Suppress Register Optimization Related Messages                  ; Off                ; Off                ;
; Number of Removed Registers Reported in Synthesis Report         ; 5000               ; 5000               ;
; Number of Swept Nodes Reported in Synthesis Report               ; 5000               ; 5000               ;
; Number of Inverted Registers Reported in Synthesis Report        ; 100                ; 100                ;
; Clock MUX Protection                                             ; On                 ; On                 ;
; Auto Gated Clock Conversion                                      ; Off                ; Off                ;
; Block Design Naming                                              ; Auto               ; Auto               ;
; SDC constraint protection                                        ; Off                ; Off                ;
; Synthesis Effort                                                 ; Auto               ; Auto               ;
; Shift Register Replacement - Allow Asynchronous Clear Signal     ; On                 ; On                 ;
; Pre-Mapping Resynthesis Optimization                             ; Off                ; Off                ;
; Analysis & Synthesis Message Level                               ; Medium             ; Medium             ;
; Disable Register Merging Across Hierarchies                      ; Auto               ; Auto               ;
; Resource Aware Inference For Block RAM                           ; On                 ; On                 ;
+------------------------------------------------------------------+--------------------+--------------------+


+------------------------------------------+
; Parallel Compilation                     ;
+----------------------------+-------------+
; Processors                 ; Number      ;
+----------------------------+-------------+
; Number detected on machine ; 12          ;
; Maximum allowed            ; 6           ;
;                            ;             ;
; Average used               ; 1.00        ;
; Maximum used               ; 6           ;
;                            ;             ;
; Usage by Processor         ; % Time Used ;
;     Processor 1            ; 100.0%      ;
;     Processors 2-6         ;   0.0%      ;
+----------------------------+-------------+


+-------------------------------------------------------------------------------------------------------------------------------------------------------------------------------------------------------------------+
; Analysis & Synthesis Source Files Read                                                                                                                                                                            ;
+------------------------------------+-----------------+-------------------------------------------------------+------------------------------------------------------------------------------------------+---------+
; File Name with User-Entered Path   ; Used in Netlist ; File Type                                             ; File Name with Absolute Path                                                             ; Library ;
+------------------------------------+-----------------+-------------------------------------------------------+------------------------------------------------------------------------------------------+---------+
; ../rna_library/uart_components.vhd ; yes             ; User VHDL File                                        ; C:/Users/adeni/Documents/Mestrado/amc_vhdl/study/rna_library/uart_components.vhd         ;         ;
; sram.vhd                           ; yes             ; User VHDL File                                        ; C:/Users/adeni/Documents/Mestrado/amc_vhdl/study/sram/sram.vhd                           ;         ;
; uart.vhd                           ; yes             ; Auto-Found VHDL File                                  ; c:/users/adeni/documents/mestrado/amc_vhdl/study/rna_library/uart.vhd                    ;         ;
; uart_rx.vhd                        ; yes             ; Auto-Found VHDL File                                  ; c:/users/adeni/documents/mestrado/amc_vhdl/study/rna_library/uart_rx.vhd                 ;         ;
; fifo.vhd                           ; yes             ; Auto-Found VHDL File                                  ; c:/users/adeni/documents/mestrado/amc_vhdl/study/rna_library/fifo.vhd                    ;         ;
; uart_tx.vhd                        ; yes             ; Auto-Found VHDL File                                  ; c:/users/adeni/documents/mestrado/amc_vhdl/study/rna_library/uart_tx.vhd                 ;         ;
; altsyncram.tdf                     ; yes             ; Megafunction                                          ; c:/intelfpga_lite/20.1/quartus/libraries/megafunctions/altsyncram.tdf                    ;         ;
; stratix_ram_block.inc              ; yes             ; Megafunction                                          ; c:/intelfpga_lite/20.1/quartus/libraries/megafunctions/stratix_ram_block.inc             ;         ;
; lpm_mux.inc                        ; yes             ; Megafunction                                          ; c:/intelfpga_lite/20.1/quartus/libraries/megafunctions/lpm_mux.inc                       ;         ;
; lpm_decode.inc                     ; yes             ; Megafunction                                          ; c:/intelfpga_lite/20.1/quartus/libraries/megafunctions/lpm_decode.inc                    ;         ;
; aglobal201.inc                     ; yes             ; Megafunction                                          ; c:/intelfpga_lite/20.1/quartus/libraries/megafunctions/aglobal201.inc                    ;         ;
; a_rdenreg.inc                      ; yes             ; Megafunction                                          ; c:/intelfpga_lite/20.1/quartus/libraries/megafunctions/a_rdenreg.inc                     ;         ;
; altrom.inc                         ; yes             ; Megafunction                                          ; c:/intelfpga_lite/20.1/quartus/libraries/megafunctions/altrom.inc                        ;         ;
; altram.inc                         ; yes             ; Megafunction                                          ; c:/intelfpga_lite/20.1/quartus/libraries/megafunctions/altram.inc                        ;         ;
; altdpram.inc                       ; yes             ; Megafunction                                          ; c:/intelfpga_lite/20.1/quartus/libraries/megafunctions/altdpram.inc                      ;         ;
; db/altsyncram_tcg1.tdf             ; yes             ; Auto-Generated Megafunction                           ; C:/Users/adeni/Documents/Mestrado/amc_vhdl/study/sram/db/altsyncram_tcg1.tdf             ;         ;
; db/sram.ram0_fifo_1ff8f9ef.hdl.mif ; yes             ; Auto-Generated Auto-Found Memory Initialization File  ; C:/Users/adeni/Documents/Mestrado/amc_vhdl/study/sram/db/sram.ram0_fifo_1ff8f9ef.hdl.mif ;         ;
+------------------------------------+-----------------+-------------------------------------------------------+------------------------------------------------------------------------------------------+---------+


+-----------------------------------------------------------+
; Analysis & Synthesis Resource Usage Summary               ;
+---------------------------------------------+-------------+
; Resource                                    ; Usage       ;
+---------------------------------------------+-------------+
; Estimated Total logic elements              ; 392         ;
;                                             ;             ;
; Total combinational functions               ; 346         ;
; Logic element usage by number of LUT inputs ;             ;
;     -- 4 input functions                    ; 162         ;
;     -- 3 input functions                    ; 82          ;
;     -- <=2 input functions                  ; 102         ;
;                                             ;             ;
; Logic elements by mode                      ;             ;
;     -- normal mode                          ; 283         ;
;     -- arithmetic mode                      ; 63          ;
;                                             ;             ;
; Total registers                             ; 217         ;
;     -- Dedicated logic registers            ; 217         ;
;     -- I/O registers                        ; 0           ;
;                                             ;             ;
; I/O pins                                    ; 50          ;
; Total memory bits                           ; 160         ;
;                                             ;             ;
; Embedded Multiplier 9-bit elements          ; 0           ;
;                                             ;             ;
; Maximum fan-out node                        ; i_clk~input ;
; Maximum fan-out                             ; 233         ;
; Total fan-out                               ; 1978        ;
; Average fan-out                             ; 2.91        ;
+---------------------------------------------+-------------+


+----------------------------------------------------------------------------------------------------------------------------------------------------------------------------------------------------------------------------------------------------------------------------------------------------------+
; Analysis & Synthesis Resource Utilization by Entity                                                                                                                                                                                                                                                      ;
+----------------------------------------------+---------------------+---------------------------+-------------+--------------+---------+-----------+------+--------------+-----------------------------------------------------------------------------------------------+-----------------+--------------+
; Compilation Hierarchy Node                   ; Combinational ALUTs ; Dedicated Logic Registers ; Memory Bits ; DSP Elements ; DSP 9x9 ; DSP 18x18 ; Pins ; Virtual Pins ; Full Hierarchy Name                                                                           ; Entity Name     ; Library Name ;
+----------------------------------------------+---------------------+---------------------------+-------------+--------------+---------+-----------+------+--------------+-----------------------------------------------------------------------------------------------+-----------------+--------------+
; |sram                                        ; 346 (177)           ; 217 (84)                  ; 160         ; 0            ; 0       ; 0         ; 50   ; 0            ; |sram                                                                                         ; sram            ; work         ;
;    |uart:uart_unit|                          ; 169 (0)             ; 133 (0)                   ; 160         ; 0            ; 0       ; 0         ; 0    ; 0            ; |sram|uart:uart_unit                                                                          ; uart            ; work         ;
;       |fifo:fifo_rx|                         ; 31 (31)             ; 38 (38)                   ; 80          ; 0            ; 0       ; 0         ; 0    ; 0            ; |sram|uart:uart_unit|fifo:fifo_rx                                                             ; fifo            ; work         ;
;          |altsyncram:r_fifo_data_rtl_0|      ; 0 (0)               ; 0 (0)                     ; 80          ; 0            ; 0       ; 0         ; 0    ; 0            ; |sram|uart:uart_unit|fifo:fifo_rx|altsyncram:r_fifo_data_rtl_0                                ; altsyncram      ; work         ;
;             |altsyncram_tcg1:auto_generated| ; 0 (0)               ; 0 (0)                     ; 80          ; 0            ; 0       ; 0         ; 0    ; 0            ; |sram|uart:uart_unit|fifo:fifo_rx|altsyncram:r_fifo_data_rtl_0|altsyncram_tcg1:auto_generated ; altsyncram_tcg1 ; work         ;
;       |fifo:fifo_tx|                         ; 40 (40)             ; 32 (32)                   ; 80          ; 0            ; 0       ; 0         ; 0    ; 0            ; |sram|uart:uart_unit|fifo:fifo_tx                                                             ; fifo            ; work         ;
;          |altsyncram:r_fifo_data_rtl_0|      ; 0 (0)               ; 0 (0)                     ; 80          ; 0            ; 0       ; 0         ; 0    ; 0            ; |sram|uart:uart_unit|fifo:fifo_tx|altsyncram:r_fifo_data_rtl_0                                ; altsyncram      ; work         ;
;             |altsyncram_tcg1:auto_generated| ; 0 (0)               ; 0 (0)                     ; 80          ; 0            ; 0       ; 0         ; 0    ; 0            ; |sram|uart:uart_unit|fifo:fifo_tx|altsyncram:r_fifo_data_rtl_0|altsyncram_tcg1:auto_generated ; altsyncram_tcg1 ; work         ;
;       |uart_rx:receiver|                     ; 58 (58)             ; 32 (32)                   ; 0           ; 0            ; 0       ; 0         ; 0    ; 0            ; |sram|uart:uart_unit|uart_rx:receiver                                                         ; uart_rx         ; work         ;
;       |uart_tx:transmitter|                  ; 40 (40)             ; 31 (31)                   ; 0           ; 0            ; 0       ; 0         ; 0    ; 0            ; |sram|uart:uart_unit|uart_tx:transmitter                                                      ; uart_tx         ; work         ;
+----------------------------------------------+---------------------+---------------------------+-------------+--------------+---------+-----------+------+--------------+-----------------------------------------------------------------------------------------------+-----------------+--------------+
Note: For table entries with two numbers listed, the numbers in parentheses indicate the number of resources of the given type used by the specific entity alone. The numbers listed outside of parentheses indicate the total resources of the given type used by the specific entity and all of its sub-entities in the hierarchy.


+--------------------------------------------------------------------------------------------------------------------------------------------------------------------------------------------------------------------------------------+
; Analysis & Synthesis RAM Summary                                                                                                                                                                                                     ;
+----------------------------------------------------------------------------------------------------+------+------------------+--------------+--------------+--------------+--------------+------+------------------------------------+
; Name                                                                                               ; Type ; Mode             ; Port A Depth ; Port A Width ; Port B Depth ; Port B Width ; Size ; MIF                                ;
+----------------------------------------------------------------------------------------------------+------+------------------+--------------+--------------+--------------+--------------+------+------------------------------------+
; uart:uart_unit|fifo:fifo_rx|altsyncram:r_fifo_data_rtl_0|altsyncram_tcg1:auto_generated|ALTSYNCRAM ; AUTO ; Simple Dual Port ; 10           ; 8            ; 10           ; 8            ; 80   ; db/sram.ram0_fifo_1ff8f9ef.hdl.mif ;
; uart:uart_unit|fifo:fifo_tx|altsyncram:r_fifo_data_rtl_0|altsyncram_tcg1:auto_generated|ALTSYNCRAM ; AUTO ; Simple Dual Port ; 10           ; 8            ; 10           ; 8            ; 80   ; db/sram.ram0_fifo_1ff8f9ef.hdl.mif ;
+----------------------------------------------------------------------------------------------------+------+------------------+--------------+--------------+--------------+--------------+------+------------------------------------+


Encoding Type:  One-Hot
+---------------------------------------------------------------------------------------------------------------+
; State Machine - |sram|r_sm                                                                                    ;
+----------------------+--------------+-------------------+----------------+----------------------+-------------+
; Name                 ; r_sm.s_clear ; r_sm.s_write_sram ; r_sm.s_process ; r_sm.s_get_fifo_data ; r_sm.s_idle ;
+----------------------+--------------+-------------------+----------------+----------------------+-------------+
; r_sm.s_idle          ; 0            ; 0                 ; 0              ; 0                    ; 0           ;
; r_sm.s_get_fifo_data ; 0            ; 0                 ; 0              ; 1                    ; 1           ;
; r_sm.s_process       ; 0            ; 0                 ; 1              ; 0                    ; 1           ;
; r_sm.s_write_sram    ; 0            ; 1                 ; 0              ; 0                    ; 1           ;
; r_sm.s_clear         ; 1            ; 0                 ; 0              ; 0                    ; 1           ;
+----------------------+--------------+-------------------+----------------+----------------------+-------------+


Encoding Type:  One-Hot
+---------------------------------------------------------------------------------------------------------------------------------------------------+
; State Machine - |sram|uart:uart_unit|uart_tx:transmitter|r_sm_main                                                                                ;
+--------------------------+---------------------+-------------------------+--------------------------+--------------------------+------------------+
; Name                     ; r_sm_main.s_cleanup ; r_sm_main.s_tx_stop_bit ; r_sm_main.s_tx_data_bits ; r_sm_main.s_tx_start_bit ; r_sm_main.s_idle ;
+--------------------------+---------------------+-------------------------+--------------------------+--------------------------+------------------+
; r_sm_main.s_idle         ; 0                   ; 0                       ; 0                        ; 0                        ; 0                ;
; r_sm_main.s_tx_start_bit ; 0                   ; 0                       ; 0                        ; 1                        ; 1                ;
; r_sm_main.s_tx_data_bits ; 0                   ; 0                       ; 1                        ; 0                        ; 1                ;
; r_sm_main.s_tx_stop_bit  ; 0                   ; 1                       ; 0                        ; 0                        ; 1                ;
; r_sm_main.s_cleanup      ; 1                   ; 0                       ; 0                        ; 0                        ; 1                ;
+--------------------------+---------------------+-------------------------+--------------------------+--------------------------+------------------+


Encoding Type:  One-Hot
+---------------------------------------------------------------------------------------------------------------------------------------------------+
; State Machine - |sram|uart:uart_unit|uart_rx:receiver|r_sm_main                                                                                   ;
+--------------------------+---------------------+-------------------------+--------------------------+--------------------------+------------------+
; Name                     ; r_sm_main.s_cleanup ; r_sm_main.s_rx_stop_bit ; r_sm_main.s_rx_data_bits ; r_sm_main.s_rx_start_bit ; r_sm_main.s_idle ;
+--------------------------+---------------------+-------------------------+--------------------------+--------------------------+------------------+
; r_sm_main.s_idle         ; 0                   ; 0                       ; 0                        ; 0                        ; 0                ;
; r_sm_main.s_rx_start_bit ; 0                   ; 0                       ; 0                        ; 1                        ; 1                ;
; r_sm_main.s_rx_data_bits ; 0                   ; 0                       ; 1                        ; 0                        ; 1                ;
; r_sm_main.s_rx_stop_bit  ; 0                   ; 1                       ; 0                        ; 0                        ; 1                ;
; r_sm_main.s_cleanup      ; 1                   ; 0                       ; 0                        ; 0                        ; 1                ;
+--------------------------+---------------------+-------------------------+--------------------------+--------------------------+------------------+


+-----------------------------------------------------------------------------------------------------------------+
; Registers Removed During Synthesis                                                                              ;
+------------------------------------------------------------------------+----------------------------------------+
; Register name                                                          ; Reason for Removal                     ;
+------------------------------------------------------------------------+----------------------------------------+
; r_we                                                                   ; Stuck at GND due to stuck port data_in ;
; r_tx_data[3..7]                                                        ; Merged with r_tx_data[0]               ;
; r_tx_data[2]                                                           ; Merged with r_tx_data[1]               ;
; r_tx_data[0]                                                           ; Stuck at GND due to stuck port data_in ;
; uart:uart_unit|fifo:fifo_tx|r_fifo_data_rtl_0_bypass[9,15,17,19,21,23] ; Stuck at GND due to stuck port data_in ;
; Total Number of Removed Registers = 14                                 ;                                        ;
+------------------------------------------------------------------------+----------------------------------------+


+------------------------------------------------------+
; General Register Statistics                          ;
+----------------------------------------------+-------+
; Statistic                                    ; Value ;
+----------------------------------------------+-------+
; Total registers                              ; 217   ;
; Number of registers using Synchronous Clear  ; 36    ;
; Number of registers using Synchronous Load   ; 20    ;
; Number of registers using Asynchronous Clear ; 15    ;
; Number of registers using Asynchronous Load  ; 0     ;
; Number of registers using Clock Enable       ; 109   ;
; Number of registers using Preset             ; 0     ;
+----------------------------------------------+-------+


+--------------------------------------------------------------------+
; Inverted Register Statistics                                       ;
+----------------------------------------------------------+---------+
; Inverted Register                                        ; Fan out ;
+----------------------------------------------------------+---------+
; uart:uart_unit|fifo:fifo_tx|r_fifo_data_rtl_0_bypass[22] ; 1       ;
; uart:uart_unit|fifo:fifo_tx|r_fifo_data_rtl_0_bypass[20] ; 1       ;
; uart:uart_unit|fifo:fifo_tx|r_fifo_data_rtl_0_bypass[18] ; 1       ;
; uart:uart_unit|fifo:fifo_tx|r_fifo_data_rtl_0_bypass[24] ; 1       ;
; uart:uart_unit|fifo:fifo_tx|r_fifo_data_rtl_0_bypass[14] ; 1       ;
; uart:uart_unit|fifo:fifo_tx|r_fifo_data_rtl_0_bypass[12] ; 1       ;
; uart:uart_unit|fifo:fifo_tx|r_fifo_data_rtl_0_bypass[10] ; 1       ;
; uart:uart_unit|fifo:fifo_tx|r_fifo_data_rtl_0_bypass[16] ; 1       ;
; uart:uart_unit|fifo:fifo_rx|r_fifo_data_rtl_0_bypass[10] ; 1       ;
; uart:uart_unit|fifo:fifo_rx|r_fifo_data_rtl_0_bypass[20] ; 1       ;
; uart:uart_unit|fifo:fifo_rx|r_fifo_data_rtl_0_bypass[18] ; 1       ;
; uart:uart_unit|fifo:fifo_rx|r_fifo_data_rtl_0_bypass[24] ; 1       ;
; uart:uart_unit|fifo:fifo_rx|r_fifo_data_rtl_0_bypass[22] ; 1       ;
; uart:uart_unit|fifo:fifo_rx|r_fifo_data_rtl_0_bypass[16] ; 1       ;
; uart:uart_unit|fifo:fifo_rx|r_fifo_data_rtl_0_bypass[14] ; 1       ;
; uart:uart_unit|fifo:fifo_rx|r_fifo_data_rtl_0_bypass[12] ; 1       ;
; Total number of inverted registers = 16                  ;         ;
+----------------------------------------------------------+---------+


+----------------------------------------------------------------------------------------------------------+
; Registers Added for RAM Pass-Through Logic                                                               ;
+----------------------------------------------------------+-----------------------------------------------+
; Register Name                                            ; RAM Name                                      ;
+----------------------------------------------------------+-----------------------------------------------+
; uart:uart_unit|fifo:fifo_tx|r_fifo_data_rtl_0_bypass[0]  ; uart:uart_unit|fifo:fifo_tx|r_fifo_data_rtl_0 ;
; uart:uart_unit|fifo:fifo_tx|r_fifo_data_rtl_0_bypass[1]  ; uart:uart_unit|fifo:fifo_tx|r_fifo_data_rtl_0 ;
; uart:uart_unit|fifo:fifo_tx|r_fifo_data_rtl_0_bypass[2]  ; uart:uart_unit|fifo:fifo_tx|r_fifo_data_rtl_0 ;
; uart:uart_unit|fifo:fifo_tx|r_fifo_data_rtl_0_bypass[3]  ; uart:uart_unit|fifo:fifo_tx|r_fifo_data_rtl_0 ;
; uart:uart_unit|fifo:fifo_tx|r_fifo_data_rtl_0_bypass[4]  ; uart:uart_unit|fifo:fifo_tx|r_fifo_data_rtl_0 ;
; uart:uart_unit|fifo:fifo_tx|r_fifo_data_rtl_0_bypass[5]  ; uart:uart_unit|fifo:fifo_tx|r_fifo_data_rtl_0 ;
; uart:uart_unit|fifo:fifo_tx|r_fifo_data_rtl_0_bypass[6]  ; uart:uart_unit|fifo:fifo_tx|r_fifo_data_rtl_0 ;
; uart:uart_unit|fifo:fifo_tx|r_fifo_data_rtl_0_bypass[7]  ; uart:uart_unit|fifo:fifo_tx|r_fifo_data_rtl_0 ;
; uart:uart_unit|fifo:fifo_tx|r_fifo_data_rtl_0_bypass[8]  ; uart:uart_unit|fifo:fifo_tx|r_fifo_data_rtl_0 ;
; uart:uart_unit|fifo:fifo_tx|r_fifo_data_rtl_0_bypass[9]  ; uart:uart_unit|fifo:fifo_tx|r_fifo_data_rtl_0 ;
; uart:uart_unit|fifo:fifo_tx|r_fifo_data_rtl_0_bypass[10] ; uart:uart_unit|fifo:fifo_tx|r_fifo_data_rtl_0 ;
; uart:uart_unit|fifo:fifo_tx|r_fifo_data_rtl_0_bypass[11] ; uart:uart_unit|fifo:fifo_tx|r_fifo_data_rtl_0 ;
; uart:uart_unit|fifo:fifo_tx|r_fifo_data_rtl_0_bypass[12] ; uart:uart_unit|fifo:fifo_tx|r_fifo_data_rtl_0 ;
; uart:uart_unit|fifo:fifo_tx|r_fifo_data_rtl_0_bypass[13] ; uart:uart_unit|fifo:fifo_tx|r_fifo_data_rtl_0 ;
; uart:uart_unit|fifo:fifo_tx|r_fifo_data_rtl_0_bypass[14] ; uart:uart_unit|fifo:fifo_tx|r_fifo_data_rtl_0 ;
; uart:uart_unit|fifo:fifo_tx|r_fifo_data_rtl_0_bypass[15] ; uart:uart_unit|fifo:fifo_tx|r_fifo_data_rtl_0 ;
; uart:uart_unit|fifo:fifo_tx|r_fifo_data_rtl_0_bypass[16] ; uart:uart_unit|fifo:fifo_tx|r_fifo_data_rtl_0 ;
; uart:uart_unit|fifo:fifo_tx|r_fifo_data_rtl_0_bypass[17] ; uart:uart_unit|fifo:fifo_tx|r_fifo_data_rtl_0 ;
; uart:uart_unit|fifo:fifo_tx|r_fifo_data_rtl_0_bypass[18] ; uart:uart_unit|fifo:fifo_tx|r_fifo_data_rtl_0 ;
; uart:uart_unit|fifo:fifo_tx|r_fifo_data_rtl_0_bypass[19] ; uart:uart_unit|fifo:fifo_tx|r_fifo_data_rtl_0 ;
; uart:uart_unit|fifo:fifo_tx|r_fifo_data_rtl_0_bypass[20] ; uart:uart_unit|fifo:fifo_tx|r_fifo_data_rtl_0 ;
; uart:uart_unit|fifo:fifo_tx|r_fifo_data_rtl_0_bypass[21] ; uart:uart_unit|fifo:fifo_tx|r_fifo_data_rtl_0 ;
; uart:uart_unit|fifo:fifo_tx|r_fifo_data_rtl_0_bypass[22] ; uart:uart_unit|fifo:fifo_tx|r_fifo_data_rtl_0 ;
; uart:uart_unit|fifo:fifo_tx|r_fifo_data_rtl_0_bypass[23] ; uart:uart_unit|fifo:fifo_tx|r_fifo_data_rtl_0 ;
; uart:uart_unit|fifo:fifo_tx|r_fifo_data_rtl_0_bypass[24] ; uart:uart_unit|fifo:fifo_tx|r_fifo_data_rtl_0 ;
; uart:uart_unit|fifo:fifo_rx|r_fifo_data_rtl_0_bypass[0]  ; uart:uart_unit|fifo:fifo_rx|r_fifo_data_rtl_0 ;
; uart:uart_unit|fifo:fifo_rx|r_fifo_data_rtl_0_bypass[1]  ; uart:uart_unit|fifo:fifo_rx|r_fifo_data_rtl_0 ;
; uart:uart_unit|fifo:fifo_rx|r_fifo_data_rtl_0_bypass[2]  ; uart:uart_unit|fifo:fifo_rx|r_fifo_data_rtl_0 ;
; uart:uart_unit|fifo:fifo_rx|r_fifo_data_rtl_0_bypass[3]  ; uart:uart_unit|fifo:fifo_rx|r_fifo_data_rtl_0 ;
; uart:uart_unit|fifo:fifo_rx|r_fifo_data_rtl_0_bypass[4]  ; uart:uart_unit|fifo:fifo_rx|r_fifo_data_rtl_0 ;
; uart:uart_unit|fifo:fifo_rx|r_fifo_data_rtl_0_bypass[5]  ; uart:uart_unit|fifo:fifo_rx|r_fifo_data_rtl_0 ;
; uart:uart_unit|fifo:fifo_rx|r_fifo_data_rtl_0_bypass[6]  ; uart:uart_unit|fifo:fifo_rx|r_fifo_data_rtl_0 ;
; uart:uart_unit|fifo:fifo_rx|r_fifo_data_rtl_0_bypass[7]  ; uart:uart_unit|fifo:fifo_rx|r_fifo_data_rtl_0 ;
; uart:uart_unit|fifo:fifo_rx|r_fifo_data_rtl_0_bypass[8]  ; uart:uart_unit|fifo:fifo_rx|r_fifo_data_rtl_0 ;
; uart:uart_unit|fifo:fifo_rx|r_fifo_data_rtl_0_bypass[9]  ; uart:uart_unit|fifo:fifo_rx|r_fifo_data_rtl_0 ;
; uart:uart_unit|fifo:fifo_rx|r_fifo_data_rtl_0_bypass[10] ; uart:uart_unit|fifo:fifo_rx|r_fifo_data_rtl_0 ;
; uart:uart_unit|fifo:fifo_rx|r_fifo_data_rtl_0_bypass[11] ; uart:uart_unit|fifo:fifo_rx|r_fifo_data_rtl_0 ;
; uart:uart_unit|fifo:fifo_rx|r_fifo_data_rtl_0_bypass[12] ; uart:uart_unit|fifo:fifo_rx|r_fifo_data_rtl_0 ;
; uart:uart_unit|fifo:fifo_rx|r_fifo_data_rtl_0_bypass[13] ; uart:uart_unit|fifo:fifo_rx|r_fifo_data_rtl_0 ;
; uart:uart_unit|fifo:fifo_rx|r_fifo_data_rtl_0_bypass[14] ; uart:uart_unit|fifo:fifo_rx|r_fifo_data_rtl_0 ;
; uart:uart_unit|fifo:fifo_rx|r_fifo_data_rtl_0_bypass[15] ; uart:uart_unit|fifo:fifo_rx|r_fifo_data_rtl_0 ;
; uart:uart_unit|fifo:fifo_rx|r_fifo_data_rtl_0_bypass[16] ; uart:uart_unit|fifo:fifo_rx|r_fifo_data_rtl_0 ;
; uart:uart_unit|fifo:fifo_rx|r_fifo_data_rtl_0_bypass[17] ; uart:uart_unit|fifo:fifo_rx|r_fifo_data_rtl_0 ;
; uart:uart_unit|fifo:fifo_rx|r_fifo_data_rtl_0_bypass[18] ; uart:uart_unit|fifo:fifo_rx|r_fifo_data_rtl_0 ;
; uart:uart_unit|fifo:fifo_rx|r_fifo_data_rtl_0_bypass[19] ; uart:uart_unit|fifo:fifo_rx|r_fifo_data_rtl_0 ;
; uart:uart_unit|fifo:fifo_rx|r_fifo_data_rtl_0_bypass[20] ; uart:uart_unit|fifo:fifo_rx|r_fifo_data_rtl_0 ;
; uart:uart_unit|fifo:fifo_rx|r_fifo_data_rtl_0_bypass[21] ; uart:uart_unit|fifo:fifo_rx|r_fifo_data_rtl_0 ;
; uart:uart_unit|fifo:fifo_rx|r_fifo_data_rtl_0_bypass[22] ; uart:uart_unit|fifo:fifo_rx|r_fifo_data_rtl_0 ;
; uart:uart_unit|fifo:fifo_rx|r_fifo_data_rtl_0_bypass[23] ; uart:uart_unit|fifo:fifo_rx|r_fifo_data_rtl_0 ;
; uart:uart_unit|fifo:fifo_rx|r_fifo_data_rtl_0_bypass[24] ; uart:uart_unit|fifo:fifo_rx|r_fifo_data_rtl_0 ;
+----------------------------------------------------------+-----------------------------------------------+


+------------------------------------------------------------------------------------------------------------------------------------------------------------------------+
; Multiplexer Restructuring Statistics (Restructuring Performed)                                                                                                         ;
+--------------------+-----------+---------------+----------------------+------------------------+------------+----------------------------------------------------------+
; Multiplexer Inputs ; Bus Width ; Baseline Area ; Area if Restructured ; Saving if Restructured ; Registered ; Example Multiplexer Output                               ;
+--------------------+-----------+---------------+----------------------+------------------------+------------+----------------------------------------------------------+
; 3:1                ; 5 bits    ; 10 LEs        ; 5 LEs                ; 5 LEs                  ; Yes        ; |sram|uart:uart_unit|fifo:fifo_rx|r_fifo_count[3]        ;
; 3:1                ; 5 bits    ; 10 LEs        ; 5 LEs                ; 5 LEs                  ; Yes        ; |sram|uart:uart_unit|fifo:fifo_tx|r_fifo_count[1]        ;
; 4:1                ; 32 bits   ; 64 LEs        ; 32 LEs               ; 32 LEs                 ; Yes        ; |sram|r_index[27]                                        ;
; 4:1                ; 4 bits    ; 8 LEs         ; 4 LEs                ; 4 LEs                  ; Yes        ; |sram|uart:uart_unit|fifo:fifo_tx|r_wr_index[1]          ;
; 4:1                ; 4 bits    ; 8 LEs         ; 4 LEs                ; 4 LEs                  ; Yes        ; |sram|uart:uart_unit|fifo:fifo_rx|r_wr_index[0]          ;
; 4:1                ; 13 bits   ; 26 LEs        ; 13 LEs               ; 13 LEs                 ; Yes        ; |sram|uart:uart_unit|uart_tx:transmitter|r_clk_count[11] ;
; 7:1                ; 13 bits   ; 52 LEs        ; 13 LEs               ; 39 LEs                 ; Yes        ; |sram|uart:uart_unit|uart_rx:receiver|r_clk_count[12]    ;
; 3:1                ; 3 bits    ; 6 LEs         ; 6 LEs                ; 0 LEs                  ; No         ; |sram|uart:uart_unit|uart_tx:transmitter|r_bit_index     ;
; 3:1                ; 3 bits    ; 6 LEs         ; 6 LEs                ; 0 LEs                  ; No         ; |sram|uart:uart_unit|uart_rx:receiver|r_bit_index        ;
; 4:1                ; 4 bits    ; 8 LEs         ; 8 LEs                ; 0 LEs                  ; No         ; |sram|uart:uart_unit|fifo:fifo_tx|r_rd_index             ;
; 4:1                ; 4 bits    ; 8 LEs         ; 8 LEs                ; 0 LEs                  ; No         ; |sram|uart:uart_unit|fifo:fifo_rx|r_rd_index             ;
+--------------------+-----------+---------------+----------------------+------------------------+------------+----------------------------------------------------------+


+----------------------------------------------------------------------------------------------------------------+
; Source assignments for uart:uart_unit|fifo:fifo_tx|altsyncram:r_fifo_data_rtl_0|altsyncram_tcg1:auto_generated ;
+---------------------------------+--------------------+------+--------------------------------------------------+
; Assignment                      ; Value              ; From ; To                                               ;
+---------------------------------+--------------------+------+--------------------------------------------------+
; OPTIMIZE_POWER_DURING_SYNTHESIS ; NORMAL_COMPILATION ; -    ; -                                                ;
+---------------------------------+--------------------+------+--------------------------------------------------+


+----------------------------------------------------------------------------------------------------------------+
; Source assignments for uart:uart_unit|fifo:fifo_rx|altsyncram:r_fifo_data_rtl_0|altsyncram_tcg1:auto_generated ;
+---------------------------------+--------------------+------+--------------------------------------------------+
; Assignment                      ; Value              ; From ; To                                               ;
+---------------------------------+--------------------+------+--------------------------------------------------+
; OPTIMIZE_POWER_DURING_SYNTHESIS ; NORMAL_COMPILATION ; -    ; -                                                ;
+---------------------------------+--------------------+------+--------------------------------------------------+


+----------------------------------------------------------------------+
; Parameter Settings for User Entity Instance: Top-level Entity: |sram ;
+----------------+-------+---------------------------------------------+
; Parameter Name ; Value ; Type                                        ;
+----------------+-------+---------------------------------------------+
; g_uart_bits    ; 8     ; Signed Integer                              ;
; g_data_bits    ; 16    ; Signed Integer                              ;
; g_addr_bits    ; 20    ; Signed Integer                              ;
+----------------+-------+---------------------------------------------+
Note: In order to hide this table in the UI and the text report file, please set the "Show Parameter Settings in Synthesis Report" option in "Analysis and Synthesis Settings -> More Settings" to "Off".


+-------------------------------------------------------------+
; Parameter Settings for User Entity Instance: uart:uart_unit ;
+----------------+-------+------------------------------------+
; Parameter Name ; Value ; Type                               ;
+----------------+-------+------------------------------------+
; g_bits         ; 8     ; Signed Integer                     ;
; g_clks_per_bit ; 5209  ; Signed Integer                     ;
; g_depth        ; 10    ; Signed Integer                     ;
+----------------+-------+------------------------------------+
Note: In order to hide this table in the UI and the text report file, please set the "Show Parameter Settings in Synthesis Report" option in "Analysis and Synthesis Settings -> More Settings" to "Off".


+------------------------------------------------------------------------------+
; Parameter Settings for User Entity Instance: uart:uart_unit|uart_rx:receiver ;
+----------------+-------+-----------------------------------------------------+
; Parameter Name ; Value ; Type                                                ;
+----------------+-------+-----------------------------------------------------+
; g_clks_per_bit ; 5209  ; Signed Integer                                      ;
+----------------+-------+-----------------------------------------------------+
Note: In order to hide this table in the UI and the text report file, please set the "Show Parameter Settings in Synthesis Report" option in "Analysis and Synthesis Settings -> More Settings" to "Off".


+--------------------------------------------------------------------------+
; Parameter Settings for User Entity Instance: uart:uart_unit|fifo:fifo_rx ;
+----------------+-------+-------------------------------------------------+
; Parameter Name ; Value ; Type                                            ;
+----------------+-------+-------------------------------------------------+
; g_width        ; 8     ; Signed Integer                                  ;
; g_depth        ; 10    ; Signed Integer                                  ;
+----------------+-------+-------------------------------------------------+
Note: In order to hide this table in the UI and the text report file, please set the "Show Parameter Settings in Synthesis Report" option in "Analysis and Synthesis Settings -> More Settings" to "Off".


+---------------------------------------------------------------------------------+
; Parameter Settings for User Entity Instance: uart:uart_unit|uart_tx:transmitter ;
+----------------+-------+--------------------------------------------------------+
; Parameter Name ; Value ; Type                                                   ;
+----------------+-------+--------------------------------------------------------+
; g_clks_per_bit ; 5209  ; Signed Integer                                         ;
+----------------+-------+--------------------------------------------------------+
Note: In order to hide this table in the UI and the text report file, please set the "Show Parameter Settings in Synthesis Report" option in "Analysis and Synthesis Settings -> More Settings" to "Off".


+--------------------------------------------------------------------------+
; Parameter Settings for User Entity Instance: uart:uart_unit|fifo:fifo_tx ;
+----------------+-------+-------------------------------------------------+
; Parameter Name ; Value ; Type                                            ;
+----------------+-------+-------------------------------------------------+
; g_width        ; 8     ; Signed Integer                                  ;
; g_depth        ; 10    ; Signed Integer                                  ;
+----------------+-------+-------------------------------------------------+
Note: In order to hide this table in the UI and the text report file, please set the "Show Parameter Settings in Synthesis Report" option in "Analysis and Synthesis Settings -> More Settings" to "Off".


+-----------------------------------------------------------------------------------------------------------+
; Parameter Settings for Inferred Entity Instance: uart:uart_unit|fifo:fifo_tx|altsyncram:r_fifo_data_rtl_0 ;
+------------------------------------+------------------------------------+---------------------------------+
; Parameter Name                     ; Value                              ; Type                            ;
+------------------------------------+------------------------------------+---------------------------------+
; BYTE_SIZE_BLOCK                    ; 8                                  ; Untyped                         ;
; AUTO_CARRY_CHAINS                  ; ON                                 ; AUTO_CARRY                      ;
; IGNORE_CARRY_BUFFERS               ; OFF                                ; IGNORE_CARRY                    ;
; AUTO_CASCADE_CHAINS                ; ON                                 ; AUTO_CASCADE                    ;
; IGNORE_CASCADE_BUFFERS             ; OFF                                ; IGNORE_CASCADE                  ;
; WIDTH_BYTEENA                      ; 1                                  ; Untyped                         ;
; OPERATION_MODE                     ; DUAL_PORT                          ; Untyped                         ;
; WIDTH_A                            ; 8                                  ; Untyped                         ;
; WIDTHAD_A                          ; 4                                  ; Untyped                         ;
; NUMWORDS_A                         ; 10                                 ; Untyped                         ;
; OUTDATA_REG_A                      ; UNREGISTERED                       ; Untyped                         ;
; ADDRESS_ACLR_A                     ; NONE                               ; Untyped                         ;
; OUTDATA_ACLR_A                     ; NONE                               ; Untyped                         ;
; WRCONTROL_ACLR_A                   ; NONE                               ; Untyped                         ;
; INDATA_ACLR_A                      ; NONE                               ; Untyped                         ;
; BYTEENA_ACLR_A                     ; NONE                               ; Untyped                         ;
; WIDTH_B                            ; 8                                  ; Untyped                         ;
; WIDTHAD_B                          ; 4                                  ; Untyped                         ;
; NUMWORDS_B                         ; 10                                 ; Untyped                         ;
; INDATA_REG_B                       ; CLOCK1                             ; Untyped                         ;
; WRCONTROL_WRADDRESS_REG_B          ; CLOCK1                             ; Untyped                         ;
; RDCONTROL_REG_B                    ; CLOCK1                             ; Untyped                         ;
; ADDRESS_REG_B                      ; CLOCK0                             ; Untyped                         ;
; OUTDATA_REG_B                      ; UNREGISTERED                       ; Untyped                         ;
; BYTEENA_REG_B                      ; CLOCK1                             ; Untyped                         ;
; INDATA_ACLR_B                      ; NONE                               ; Untyped                         ;
; WRCONTROL_ACLR_B                   ; NONE                               ; Untyped                         ;
; ADDRESS_ACLR_B                     ; NONE                               ; Untyped                         ;
; OUTDATA_ACLR_B                     ; NONE                               ; Untyped                         ;
; RDCONTROL_ACLR_B                   ; NONE                               ; Untyped                         ;
; BYTEENA_ACLR_B                     ; NONE                               ; Untyped                         ;
; WIDTH_BYTEENA_A                    ; 1                                  ; Untyped                         ;
; WIDTH_BYTEENA_B                    ; 1                                  ; Untyped                         ;
; RAM_BLOCK_TYPE                     ; AUTO                               ; Untyped                         ;
; BYTE_SIZE                          ; 8                                  ; Untyped                         ;
; READ_DURING_WRITE_MODE_MIXED_PORTS ; DONT_CARE                          ; Untyped                         ;
; READ_DURING_WRITE_MODE_PORT_A      ; NEW_DATA_NO_NBE_READ               ; Untyped                         ;
; READ_DURING_WRITE_MODE_PORT_B      ; NEW_DATA_NO_NBE_READ               ; Untyped                         ;
; INIT_FILE                          ; db/sram.ram0_fifo_1ff8f9ef.hdl.mif ; Untyped                         ;
; INIT_FILE_LAYOUT                   ; PORT_A                             ; Untyped                         ;
; MAXIMUM_DEPTH                      ; 0                                  ; Untyped                         ;
; CLOCK_ENABLE_INPUT_A               ; NORMAL                             ; Untyped                         ;
; CLOCK_ENABLE_INPUT_B               ; NORMAL                             ; Untyped                         ;
; CLOCK_ENABLE_OUTPUT_A              ; NORMAL                             ; Untyped                         ;
; CLOCK_ENABLE_OUTPUT_B              ; NORMAL                             ; Untyped                         ;
; CLOCK_ENABLE_CORE_A                ; USE_INPUT_CLKEN                    ; Untyped                         ;
; CLOCK_ENABLE_CORE_B                ; USE_INPUT_CLKEN                    ; Untyped                         ;
; ENABLE_ECC                         ; FALSE                              ; Untyped                         ;
; ECC_PIPELINE_STAGE_ENABLED         ; FALSE                              ; Untyped                         ;
; WIDTH_ECCSTATUS                    ; 3                                  ; Untyped                         ;
; DEVICE_FAMILY                      ; Cyclone IV E                       ; Untyped                         ;
; CBXI_PARAMETER                     ; altsyncram_tcg1                    ; Untyped                         ;
+------------------------------------+------------------------------------+---------------------------------+
Note: In order to hide this table in the UI and the text report file, please set the "Show Parameter Settings in Synthesis Report" option in "Analysis and Synthesis Settings -> More Settings" to "Off".


+-----------------------------------------------------------------------------------------------------------+
; Parameter Settings for Inferred Entity Instance: uart:uart_unit|fifo:fifo_rx|altsyncram:r_fifo_data_rtl_0 ;
+------------------------------------+------------------------------------+---------------------------------+
; Parameter Name                     ; Value                              ; Type                            ;
+------------------------------------+------------------------------------+---------------------------------+
; BYTE_SIZE_BLOCK                    ; 8                                  ; Untyped                         ;
; AUTO_CARRY_CHAINS                  ; ON                                 ; AUTO_CARRY                      ;
; IGNORE_CARRY_BUFFERS               ; OFF                                ; IGNORE_CARRY                    ;
; AUTO_CASCADE_CHAINS                ; ON                                 ; AUTO_CASCADE                    ;
; IGNORE_CASCADE_BUFFERS             ; OFF                                ; IGNORE_CASCADE                  ;
; WIDTH_BYTEENA                      ; 1                                  ; Untyped                         ;
; OPERATION_MODE                     ; DUAL_PORT                          ; Untyped                         ;
; WIDTH_A                            ; 8                                  ; Untyped                         ;
; WIDTHAD_A                          ; 4                                  ; Untyped                         ;
; NUMWORDS_A                         ; 10                                 ; Untyped                         ;
; OUTDATA_REG_A                      ; UNREGISTERED                       ; Untyped                         ;
; ADDRESS_ACLR_A                     ; NONE                               ; Untyped                         ;
; OUTDATA_ACLR_A                     ; NONE                               ; Untyped                         ;
; WRCONTROL_ACLR_A                   ; NONE                               ; Untyped                         ;
; INDATA_ACLR_A                      ; NONE                               ; Untyped                         ;
; BYTEENA_ACLR_A                     ; NONE                               ; Untyped                         ;
; WIDTH_B                            ; 8                                  ; Untyped                         ;
; WIDTHAD_B                          ; 4                                  ; Untyped                         ;
; NUMWORDS_B                         ; 10                                 ; Untyped                         ;
; INDATA_REG_B                       ; CLOCK1                             ; Untyped                         ;
; WRCONTROL_WRADDRESS_REG_B          ; CLOCK1                             ; Untyped                         ;
; RDCONTROL_REG_B                    ; CLOCK1                             ; Untyped                         ;
; ADDRESS_REG_B                      ; CLOCK0                             ; Untyped                         ;
; OUTDATA_REG_B                      ; UNREGISTERED                       ; Untyped                         ;
; BYTEENA_REG_B                      ; CLOCK1                             ; Untyped                         ;
; INDATA_ACLR_B                      ; NONE                               ; Untyped                         ;
; WRCONTROL_ACLR_B                   ; NONE                               ; Untyped                         ;
; ADDRESS_ACLR_B                     ; NONE                               ; Untyped                         ;
; OUTDATA_ACLR_B                     ; NONE                               ; Untyped                         ;
; RDCONTROL_ACLR_B                   ; NONE                               ; Untyped                         ;
; BYTEENA_ACLR_B                     ; NONE                               ; Untyped                         ;
; WIDTH_BYTEENA_A                    ; 1                                  ; Untyped                         ;
; WIDTH_BYTEENA_B                    ; 1                                  ; Untyped                         ;
; RAM_BLOCK_TYPE                     ; AUTO                               ; Untyped                         ;
; BYTE_SIZE                          ; 8                                  ; Untyped                         ;
; READ_DURING_WRITE_MODE_MIXED_PORTS ; DONT_CARE                          ; Untyped                         ;
; READ_DURING_WRITE_MODE_PORT_A      ; NEW_DATA_NO_NBE_READ               ; Untyped                         ;
; READ_DURING_WRITE_MODE_PORT_B      ; NEW_DATA_NO_NBE_READ               ; Untyped                         ;
; INIT_FILE                          ; db/sram.ram0_fifo_1ff8f9ef.hdl.mif ; Untyped                         ;
; INIT_FILE_LAYOUT                   ; PORT_A                             ; Untyped                         ;
; MAXIMUM_DEPTH                      ; 0                                  ; Untyped                         ;
; CLOCK_ENABLE_INPUT_A               ; NORMAL                             ; Untyped                         ;
; CLOCK_ENABLE_INPUT_B               ; NORMAL                             ; Untyped                         ;
; CLOCK_ENABLE_OUTPUT_A              ; NORMAL                             ; Untyped                         ;
; CLOCK_ENABLE_OUTPUT_B              ; NORMAL                             ; Untyped                         ;
; CLOCK_ENABLE_CORE_A                ; USE_INPUT_CLKEN                    ; Untyped                         ;
; CLOCK_ENABLE_CORE_B                ; USE_INPUT_CLKEN                    ; Untyped                         ;
; ENABLE_ECC                         ; FALSE                              ; Untyped                         ;
; ECC_PIPELINE_STAGE_ENABLED         ; FALSE                              ; Untyped                         ;
; WIDTH_ECCSTATUS                    ; 3                                  ; Untyped                         ;
; DEVICE_FAMILY                      ; Cyclone IV E                       ; Untyped                         ;
; CBXI_PARAMETER                     ; altsyncram_tcg1                    ; Untyped                         ;
+------------------------------------+------------------------------------+---------------------------------+
Note: In order to hide this table in the UI and the text report file, please set the "Show Parameter Settings in Synthesis Report" option in "Analysis and Synthesis Settings -> More Settings" to "Off".


+------------------------------------------------------------------------------------------------------+
; altsyncram Parameter Settings by Entity Instance                                                     ;
+-------------------------------------------+----------------------------------------------------------+
; Name                                      ; Value                                                    ;
+-------------------------------------------+----------------------------------------------------------+
; Number of entity instances                ; 2                                                        ;
; Entity Instance                           ; uart:uart_unit|fifo:fifo_tx|altsyncram:r_fifo_data_rtl_0 ;
;     -- OPERATION_MODE                     ; DUAL_PORT                                                ;
;     -- WIDTH_A                            ; 8                                                        ;
;     -- NUMWORDS_A                         ; 10                                                       ;
;     -- OUTDATA_REG_A                      ; UNREGISTERED                                             ;
;     -- WIDTH_B                            ; 8                                                        ;
;     -- NUMWORDS_B                         ; 10                                                       ;
;     -- ADDRESS_REG_B                      ; CLOCK0                                                   ;
;     -- OUTDATA_REG_B                      ; UNREGISTERED                                             ;
;     -- RAM_BLOCK_TYPE                     ; AUTO                                                     ;
;     -- READ_DURING_WRITE_MODE_MIXED_PORTS ; DONT_CARE                                                ;
; Entity Instance                           ; uart:uart_unit|fifo:fifo_rx|altsyncram:r_fifo_data_rtl_0 ;
;     -- OPERATION_MODE                     ; DUAL_PORT                                                ;
;     -- WIDTH_A                            ; 8                                                        ;
;     -- NUMWORDS_A                         ; 10                                                       ;
;     -- OUTDATA_REG_A                      ; UNREGISTERED                                             ;
;     -- WIDTH_B                            ; 8                                                        ;
;     -- NUMWORDS_B                         ; 10                                                       ;
;     -- ADDRESS_REG_B                      ; CLOCK0                                                   ;
;     -- OUTDATA_REG_B                      ; UNREGISTERED                                             ;
;     -- RAM_BLOCK_TYPE                     ; AUTO                                                     ;
;     -- READ_DURING_WRITE_MODE_MIXED_PORTS ; DONT_CARE                                                ;
+-------------------------------------------+----------------------------------------------------------+


+-----------------------------------------------------------------------------------------------------------------------+
; Port Connectivity Checks: "uart:uart_unit|uart_tx:transmitter"                                                        ;
+-------------+--------+----------+-------------------------------------------------------------------------------------+
; Port        ; Type   ; Severity ; Details                                                                             ;
+-------------+--------+----------+-------------------------------------------------------------------------------------+
; o_tx_active ; Output ; Info     ; Connected to dangling logic. Logic that only feeds a dangling port will be removed. ;
+-------------+--------+----------+-------------------------------------------------------------------------------------+


+-----------------------------------------------------+
; Post-Synthesis Netlist Statistics for Top Partition ;
+-----------------------+-----------------------------+
; Type                  ; Count                       ;
+-----------------------+-----------------------------+
; boundary_port         ; 50                          ;
; cycloneiii_ff         ; 217                         ;
;     CLR               ; 7                           ;
;     ENA               ; 45                          ;
;     ENA CLR           ; 8                           ;
;     ENA SCLR          ; 36                          ;
;     ENA SLD           ; 20                          ;
;     plain             ; 101                         ;
; cycloneiii_lcell_comb ; 347                         ;
;     arith             ; 63                          ;
;         2 data inputs ; 57                          ;
;         3 data inputs ; 6                           ;
;     normal            ; 284                         ;
;         0 data inputs ; 1                           ;
;         1 data inputs ; 4                           ;
;         2 data inputs ; 41                          ;
;         3 data inputs ; 76                          ;
;         4 data inputs ; 162                         ;
; cycloneiii_ram_block  ; 16                          ;
;                       ;                             ;
; Max LUT depth         ; 7.00                        ;
; Average LUT depth     ; 3.33                        ;
+-----------------------+-----------------------------+


+-------------------------------+
; Elapsed Time Per Partition    ;
+----------------+--------------+
; Partition Name ; Elapsed Time ;
+----------------+--------------+
; Top            ; 00:00:01     ;
+----------------+--------------+


+--------------------------------+
; Analysis & Synthesis Equations ;
+--------------------------------+
The equations can be found in C:/Users/adeni/Documents/Mestrado/amc_vhdl/study/sram/output_files/sram.map.eqn.


+-------------------------------+
; Analysis & Synthesis Messages ;
+-------------------------------+
Info: *******************************************************************
Info: Running Quartus Prime Analysis & Synthesis
    Info: Version 20.1.0 Build 711 06/05/2020 SJ Lite Edition
    Info: Processing started: Sun Oct 18 14:47:15 2020
Info: Command: quartus_map --read_settings_files=on --write_settings_files=off sram -c sram
Warning (18236): Number of processors has not been specified which may cause overloading on shared machines.  Set the global assignment NUM_PARALLEL_PROCESSORS in your QSF to an appropriate value for best performance.
Info (20030): Parallel compilation is enabled and will use 6 of the 6 processors detected
Info (12021): Found 2 design units, including 1 entities, in source file tb_sram.vhd
    Info (12022): Found design unit 1: tb_sram-bhv File: C:/Users/adeni/Documents/Mestrado/amc_vhdl/study/sram/tb_sram.vhd Line: 9
    Info (12023): Found entity 1: tb_sram File: C:/Users/adeni/Documents/Mestrado/amc_vhdl/study/sram/tb_sram.vhd Line: 6
Info (12021): Found 1 design units, including 0 entities, in source file /users/adeni/documents/mestrado/amc_vhdl/study/rna_library/uart_components.vhd
    Info (12022): Found design unit 1: uart_components File: C:/Users/adeni/Documents/Mestrado/amc_vhdl/study/rna_library/uart_components.vhd Line: 5
Info (12021): Found 2 design units, including 1 entities, in source file sram.vhd
    Info (12022): Found design unit 1: sram-bhv File: C:/Users/adeni/Documents/Mestrado/amc_vhdl/study/sram/sram.vhd Line: 36
    Info (12023): Found entity 1: sram File: C:/Users/adeni/Documents/Mestrado/amc_vhdl/study/sram/sram.vhd Line: 7
Info (12127): Elaborating entity "sram" for the top level hierarchy
Warning (10036): Verilog HDL or VHDL warning at sram.vhd(53): object "r_ce" assigned a value but never read File: C:/Users/adeni/Documents/Mestrado/amc_vhdl/study/sram/sram.vhd Line: 53
Warning (10036): Verilog HDL or VHDL warning at sram.vhd(54): object "r_oe" assigned a value but never read File: C:/Users/adeni/Documents/Mestrado/amc_vhdl/study/sram/sram.vhd Line: 54
Warning (10036): Verilog HDL or VHDL warning at sram.vhd(55): object "r_ub" assigned a value but never read File: C:/Users/adeni/Documents/Mestrado/amc_vhdl/study/sram/sram.vhd Line: 55
Warning (10036): Verilog HDL or VHDL warning at sram.vhd(56): object "r_lb" assigned a value but never read File: C:/Users/adeni/Documents/Mestrado/amc_vhdl/study/sram/sram.vhd Line: 56
Warning (10492): VHDL Process Statement warning at sram.vhd(64): signal "r_rst" is read inside the Process Statement but isn't in the Process Statement's sensitivity list File: C:/Users/adeni/Documents/Mestrado/amc_vhdl/study/sram/sram.vhd Line: 64
Warning (12125): Using design file /users/adeni/documents/mestrado/amc_vhdl/study/rna_library/uart.vhd, which is not specified as a design file for the current project, but contains definitions for 2 design units and 1 entities in project
    Info (12022): Found design unit 1: uart-bhv File: c:/users/adeni/documents/mestrado/amc_vhdl/study/rna_library/uart.vhd Line: 33
    Info (12023): Found entity 1: uart File: c:/users/adeni/documents/mestrado/amc_vhdl/study/rna_library/uart.vhd Line: 8
Info (12128): Elaborating entity "uart" for hierarchy "uart:uart_unit" File: C:/Users/adeni/Documents/Mestrado/amc_vhdl/study/sram/sram.vhd Line: 59
Warning (10036): Verilog HDL or VHDL warning at uart.vhd(39): object "r_tx_active" assigned a value but never read File: c:/users/adeni/documents/mestrado/amc_vhdl/study/rna_library/uart.vhd Line: 39
Warning (12125): Using design file /users/adeni/documents/mestrado/amc_vhdl/study/rna_library/uart_rx.vhd, which is not specified as a design file for the current project, but contains definitions for 2 design units and 1 entities in project
    Info (12022): Found design unit 1: uart_rx-rtl File: c:/users/adeni/documents/mestrado/amc_vhdl/study/rna_library/uart_rx.vhd Line: 16
    Info (12023): Found entity 1: uart_rx File: c:/users/adeni/documents/mestrado/amc_vhdl/study/rna_library/uart_rx.vhd Line: 5
Info (12128): Elaborating entity "uart_rx" for hierarchy "uart:uart_unit|uart_rx:receiver" File: c:/users/adeni/documents/mestrado/amc_vhdl/study/rna_library/uart.vhd Line: 45
Warning (12125): Using design file /users/adeni/documents/mestrado/amc_vhdl/study/rna_library/fifo.vhd, which is not specified as a design file for the current project, but contains definitions for 2 design units and 1 entities in project
    Info (12022): Found design unit 1: fifo-bhv File: c:/users/adeni/documents/mestrado/amc_vhdl/study/rna_library/fifo.vhd Line: 23
    Info (12023): Found entity 1: fifo File: c:/users/adeni/documents/mestrado/amc_vhdl/study/rna_library/fifo.vhd Line: 5
Info (12128): Elaborating entity "fifo" for hierarchy "uart:uart_unit|fifo:fifo_rx" File: c:/users/adeni/documents/mestrado/amc_vhdl/study/rna_library/uart.vhd Line: 47
Warning (12125): Using design file /users/adeni/documents/mestrado/amc_vhdl/study/rna_library/uart_tx.vhd, which is not specified as a design file for the current project, but contains definitions for 2 design units and 1 entities in project
    Info (12022): Found design unit 1: uart_tx-rtl File: c:/users/adeni/documents/mestrado/amc_vhdl/study/rna_library/uart_tx.vhd Line: 18
    Info (12023): Found entity 1: uart_tx File: c:/users/adeni/documents/mestrado/amc_vhdl/study/rna_library/uart_tx.vhd Line: 5
Info (12128): Elaborating entity "uart_tx" for hierarchy "uart:uart_unit|uart_tx:transmitter" File: c:/users/adeni/documents/mestrado/amc_vhdl/study/rna_library/uart.vhd Line: 50
Warning (113028): 6 out of 16 addresses are uninitialized. The Quartus Prime software will initialize them to "0". There are 1 warnings found, and 1 warnings are reported. File: C:/Users/adeni/Documents/Mestrado/amc_vhdl/study/sram/db/sram.ram0_fifo_1ff8f9ef.hdl.mif Line: 1
    Warning (113027): Addresses ranging from 10 to 15 are not initialized File: C:/Users/adeni/Documents/Mestrado/amc_vhdl/study/sram/db/sram.ram0_fifo_1ff8f9ef.hdl.mif Line: 1
Warning (276020): Inferred RAM node "uart:uart_unit|fifo:fifo_tx|r_fifo_data_rtl_0" from synchronous design logic.  Pass-through logic has been added to match the read-during-write behavior of the original design.
Warning (276020): Inferred RAM node "uart:uart_unit|fifo:fifo_rx|r_fifo_data_rtl_0" from synchronous design logic.  Pass-through logic has been added to match the read-during-write behavior of the original design.
Info (19000): Inferred 2 megafunctions from design logic
    Info (276029): Inferred altsyncram megafunction from the following design logic: "uart:uart_unit|fifo:fifo_tx|r_fifo_data_rtl_0" 
        Info (286033): Parameter OPERATION_MODE set to DUAL_PORT
        Info (286033): Parameter WIDTH_A set to 8
        Info (286033): Parameter WIDTHAD_A set to 4
        Info (286033): Parameter NUMWORDS_A set to 10
        Info (286033): Parameter WIDTH_B set to 8
        Info (286033): Parameter WIDTHAD_B set to 4
        Info (286033): Parameter NUMWORDS_B set to 10
        Info (286033): Parameter ADDRESS_ACLR_A set to NONE
        Info (286033): Parameter OUTDATA_REG_B set to UNREGISTERED
        Info (286033): Parameter ADDRESS_ACLR_B set to NONE
        Info (286033): Parameter OUTDATA_ACLR_B set to NONE
        Info (286033): Parameter ADDRESS_REG_B set to CLOCK0
        Info (286033): Parameter INDATA_ACLR_A set to NONE
        Info (286033): Parameter WRCONTROL_ACLR_A set to NONE
        Info (286033): Parameter INIT_FILE set to db/sram.ram0_fifo_1ff8f9ef.hdl.mif
    Info (276029): Inferred altsyncram megafunction from the following design logic: "uart:uart_unit|fifo:fifo_rx|r_fifo_data_rtl_0" 
        Info (286033): Parameter OPERATION_MODE set to DUAL_PORT
        Info (286033): Parameter WIDTH_A set to 8
        Info (286033): Parameter WIDTHAD_A set to 4
        Info (286033): Parameter NUMWORDS_A set to 10
        Info (286033): Parameter WIDTH_B set to 8
        Info (286033): Parameter WIDTHAD_B set to 4
        Info (286033): Parameter NUMWORDS_B set to 10
        Info (286033): Parameter ADDRESS_ACLR_A set to NONE
        Info (286033): Parameter OUTDATA_REG_B set to UNREGISTERED
        Info (286033): Parameter ADDRESS_ACLR_B set to NONE
        Info (286033): Parameter OUTDATA_ACLR_B set to NONE
        Info (286033): Parameter ADDRESS_REG_B set to CLOCK0
        Info (286033): Parameter INDATA_ACLR_A set to NONE
        Info (286033): Parameter WRCONTROL_ACLR_A set to NONE
        Info (286033): Parameter INIT_FILE set to db/sram.ram0_fifo_1ff8f9ef.hdl.mif
Info (12130): Elaborated megafunction instantiation "uart:uart_unit|fifo:fifo_tx|altsyncram:r_fifo_data_rtl_0"
Info (12133): Instantiated megafunction "uart:uart_unit|fifo:fifo_tx|altsyncram:r_fifo_data_rtl_0" with the following parameter:
    Info (12134): Parameter "OPERATION_MODE" = "DUAL_PORT"
    Info (12134): Parameter "WIDTH_A" = "8"
    Info (12134): Parameter "WIDTHAD_A" = "4"
    Info (12134): Parameter "NUMWORDS_A" = "10"
    Info (12134): Parameter "WIDTH_B" = "8"
    Info (12134): Parameter "WIDTHAD_B" = "4"
    Info (12134): Parameter "NUMWORDS_B" = "10"
    Info (12134): Parameter "ADDRESS_ACLR_A" = "NONE"
    Info (12134): Parameter "OUTDATA_REG_B" = "UNREGISTERED"
    Info (12134): Parameter "ADDRESS_ACLR_B" = "NONE"
    Info (12134): Parameter "OUTDATA_ACLR_B" = "NONE"
    Info (12134): Parameter "ADDRESS_REG_B" = "CLOCK0"
    Info (12134): Parameter "INDATA_ACLR_A" = "NONE"
    Info (12134): Parameter "WRCONTROL_ACLR_A" = "NONE"
    Info (12134): Parameter "INIT_FILE" = "db/sram.ram0_fifo_1ff8f9ef.hdl.mif"
Info (12021): Found 1 design units, including 1 entities, in source file db/altsyncram_tcg1.tdf
    Info (12023): Found entity 1: altsyncram_tcg1 File: C:/Users/adeni/Documents/Mestrado/amc_vhdl/study/sram/db/altsyncram_tcg1.tdf Line: 28
Info (12130): Elaborated megafunction instantiation "uart:uart_unit|fifo:fifo_rx|altsyncram:r_fifo_data_rtl_0"
Info (12133): Instantiated megafunction "uart:uart_unit|fifo:fifo_rx|altsyncram:r_fifo_data_rtl_0" with the following parameter:
    Info (12134): Parameter "OPERATION_MODE" = "DUAL_PORT"
    Info (12134): Parameter "WIDTH_A" = "8"
    Info (12134): Parameter "WIDTHAD_A" = "4"
    Info (12134): Parameter "NUMWORDS_A" = "10"
    Info (12134): Parameter "WIDTH_B" = "8"
    Info (12134): Parameter "WIDTHAD_B" = "4"
    Info (12134): Parameter "NUMWORDS_B" = "10"
    Info (12134): Parameter "ADDRESS_ACLR_A" = "NONE"
    Info (12134): Parameter "OUTDATA_REG_B" = "UNREGISTERED"
    Info (12134): Parameter "ADDRESS_ACLR_B" = "NONE"
    Info (12134): Parameter "OUTDATA_ACLR_B" = "NONE"
    Info (12134): Parameter "ADDRESS_REG_B" = "CLOCK0"
    Info (12134): Parameter "INDATA_ACLR_A" = "NONE"
    Info (12134): Parameter "WRCONTROL_ACLR_A" = "NONE"
    Info (12134): Parameter "INIT_FILE" = "db/sram.ram0_fifo_1ff8f9ef.hdl.mif"
Warning (13024): Output pins are stuck at VCC or GND
    Warning (13410): Pin "o_we" is stuck at GND File: C:/Users/adeni/Documents/Mestrado/amc_vhdl/study/sram/sram.vhd Line: 28
    Warning (13410): Pin "o_ce" is stuck at GND File: C:/Users/adeni/Documents/Mestrado/amc_vhdl/study/sram/sram.vhd Line: 29
    Warning (13410): Pin "o_oe" is stuck at GND File: C:/Users/adeni/Documents/Mestrado/amc_vhdl/study/sram/sram.vhd Line: 30
    Warning (13410): Pin "o_ub" is stuck at GND File: C:/Users/adeni/Documents/Mestrado/amc_vhdl/study/sram/sram.vhd Line: 31
    Warning (13410): Pin "o_lb" is stuck at GND File: C:/Users/adeni/Documents/Mestrado/amc_vhdl/study/sram/sram.vhd Line: 32
Info (286030): Timing-Driven Synthesis is running
Info (16010): Generating hard_block partition "hard_block:auto_generated_inst"
    Info (16011): Adding 0 node(s), including 0 DDIO, 0 PLL, 0 transceiver and 0 LCELL
Info (21057): Implemented 469 device resources after synthesis - the final resource count might be different
    Info (21058): Implemented 4 input pins
    Info (21059): Implemented 46 output pins
    Info (21061): Implemented 403 logic cells
    Info (21064): Implemented 16 RAM segments
Info: Quartus Prime Analysis & Synthesis was successful. 0 errors, 21 warnings
    Info: Peak virtual memory: 4814 megabytes
    Info: Processing ended: Sun Oct 18 14:47:26 2020
    Info: Elapsed time: 00:00:11
    Info: Total CPU time (on all processors): 00:00:20


