Flow report for amc
Wed Feb 10 14:43:08 2021
Quartus Prime Version 20.1.0 Build 711 06/05/2020 SJ Lite Edition


---------------------
; Table of Contents ;
---------------------
  1. Legal Notice
  2. Flow Summary
  3. Flow Settings
  4. Flow Non-Default Global Settings
  5. Flow Elapsed Time
  6. Flow OS Summary
  7. Flow Log
  8. Flow Messages
  9. Flow Suppressed Messages



----------------
; Legal Notice ;
----------------
Copyright (C) 2020  Intel Corporation. All rights reserved.
Your use of Intel Corporation's design tools, logic functions 
and other software and tools, and any partner logic 
functions, and any output files from any of the foregoing 
(including device programming or simulation files), and any 
associated documentation or information are expressly subject 
to the terms and conditions of the Intel Program License 
Subscription Agreement, the Intel Quartus Prime License Agreement,
the Intel FPGA IP License Agreement, or other applicable license
agreement, including, without limitation, that your use is for
the sole purpose of programming logic devices manufactured by
Intel and sold by Intel or its authorized distributors.  Please
refer to the applicable agreement for further details, at
https://fpgasoftware.intel.com/eula.



+----------------------------------------------------------------------------------+
; Flow Summary                                                                     ;
+------------------------------------+---------------------------------------------+
; Flow Status                        ; Successful - Wed Feb 10 14:43:08 2021       ;
; Quartus Prime Version              ; 20.1.0 Build 711 06/05/2020 SJ Lite Edition ;
; Revision Name                      ; amc                                         ;
; Top-level Entity Name              ; amc                                         ;
; Family                             ; Cyclone IV E                                ;
; Device                             ; EP4CE115F29C7                               ;
; Timing Models                      ; Final                                       ;
; Total logic elements               ; 37,560 / 114,480 ( 33 % )                   ;
;     Total combinational functions  ; 37,319 / 114,480 ( 33 % )                   ;
;     Dedicated logic registers      ; 4,447 / 114,480 ( 4 % )                     ;
; Total registers                    ; 4447                                        ;
; Total pins                         ; 107 / 529 ( 20 % )                          ;
; Total virtual pins                 ; 0                                           ;
; Total memory bits                  ; 68,000 / 3,981,312 ( 2 % )                  ;
; Embedded Multiplier 9-bit elements ; 170 / 532 ( 32 % )                          ;
; Total PLLs                         ; 0 / 4 ( 0 % )                               ;
+------------------------------------+---------------------------------------------+


+-----------------------------------------+
; Flow Settings                           ;
+-------------------+---------------------+
; Option            ; Setting             ;
+-------------------+---------------------+
; Start date & time ; 02/10/2021 14:19:01 ;
; Main task         ; Compilation         ;
; Revision Name     ; amc                 ;
+-------------------+---------------------+


+-------------------------------------------------------------------------------------------------------------------------------------------------------------------+
; Flow Non-Default Global Settings                                                                                                                                  ;
+--------------------------------------+----------------------------------------------------------+---------------+-------------+-----------------------------------+
; Assignment Name                      ; Value                                                    ; Default Value ; Entity Name ; Section Id                        ;
+--------------------------------------+----------------------------------------------------------+---------------+-------------+-----------------------------------+
; COMPILER_SIGNATURE_ID                ; 79871133841946.161297754105732                           ; --            ; --          ; --                                ;
; EDA_ENABLE_GLITCH_FILTERING          ; On                                                       ; --            ; --          ; eda_simulation                    ;
; EDA_GENERATE_FUNCTIONAL_NETLIST      ; Off                                                      ; --            ; --          ; eda_board_design_timing           ;
; EDA_GENERATE_FUNCTIONAL_NETLIST      ; Off                                                      ; --            ; --          ; eda_board_design_boundary_scan    ;
; EDA_GENERATE_FUNCTIONAL_NETLIST      ; Off                                                      ; --            ; --          ; eda_board_design_signal_integrity ;
; EDA_GENERATE_FUNCTIONAL_NETLIST      ; Off                                                      ; --            ; --          ; eda_board_design_symbol           ;
; EDA_MAP_ILLEGAL_CHARACTERS           ; On                                                       ; --            ; --          ; eda_simulation                    ;
; EDA_OUTPUT_DATA_FORMAT               ; Vhdl                                                     ; --            ; --          ; eda_simulation                    ;
; EDA_SIMULATION_TOOL                  ; ModelSim-Altera (VHDL)                                   ; <None>        ; --          ; --                                ;
; EDA_TEST_BENCH_DESIGN_INSTANCE_NAME  ; amc                                                      ; --            ; --          ; eda_simulation                    ;
; EDA_TIME_SCALE                       ; 1 ps                                                     ; --            ; --          ; eda_simulation                    ;
; EDA_WRITE_NODES_FOR_POWER_ESTIMATION ; ALL_NODES                                                ; --            ; --          ; eda_simulation                    ;
; MAX_CORE_JUNCTION_TEMP               ; 85                                                       ; --            ; --          ; --                                ;
; MIN_CORE_JUNCTION_TEMP               ; 0                                                        ; --            ; --          ; --                                ;
; NOMINAL_CORE_SUPPLY_VOLTAGE          ; 1.2V                                                     ; --            ; --          ; --                                ;
; NUM_PARALLEL_PROCESSORS              ; 6                                                        ; --            ; --          ; --                                ;
; PARTITION_COLOR                      ; -- (Not supported for targeted family)                   ; --            ; --          ; Top                               ;
; PARTITION_FITTER_PRESERVATION_LEVEL  ; -- (Not supported for targeted family)                   ; --            ; --          ; Top                               ;
; PARTITION_NETLIST_TYPE               ; -- (Not supported for targeted family)                   ; --            ; --          ; Top                               ;
; POWER_BOARD_THERMAL_MODEL            ; None (CONSERVATIVE)                                      ; --            ; --          ; --                                ;
; POWER_DEFAULT_INPUT_IO_TOGGLE_RATE   ; 12.5 %                                                   ; 12.5%         ; --          ; --                                ;
; POWER_DEFAULT_TOGGLE_RATE            ; 12.5 %                                                   ; 12.5%         ; --          ; --                                ;
; POWER_INPUT_FILE_NAME                ; ../TestBench/tb_amc/amc.vcd                              ; --            ; --          ; amc.vcd                           ;
; POWER_PRESET_COOLING_SOLUTION        ; 23 MM HEAT SINK WITH 200 LFPM AIRFLOW                    ; --            ; --          ; --                                ;
; POWER_REPORT_POWER_DISSIPATION       ; On                                                       ; Off           ; --          ; --                                ;
; POWER_REPORT_SIGNAL_ACTIVITY         ; On                                                       ; Off           ; --          ; --                                ;
; POWER_USE_INPUT_FILES                ; On                                                       ; Off           ; --          ; --                                ;
; POWER_USE_PVA                        ; Off                                                      ; On            ; --          ; --                                ;
; PROJECT_OUTPUT_DIRECTORY             ; output_files                                             ; --            ; --          ; --                                ;
; SEARCH_PATH                          ; c:\users\adeni\documents\mestrado\amc_vhdl\ieee_proposed ; --            ; --          ; --                                ;
; SEARCH_PATH                          ; c:\users\adeni\documents\mestrado\amc_vhdl\amc_library   ; --            ; --          ; --                                ;
; VHDL_INPUT_VERSION                   ; VHDL_2008                                                ; VHDL_1993     ; --          ; --                                ;
; VHDL_SHOW_LMF_MAPPING_MESSAGES       ; Off                                                      ; --            ; --          ; --                                ;
+--------------------------------------+----------------------------------------------------------+---------------+-------------+-----------------------------------+


+--------------------------------------------------------------------------------------------------------------------------+
; Flow Elapsed Time                                                                                                        ;
+----------------------+--------------+-------------------------+---------------------+------------------------------------+
; Module Name          ; Elapsed Time ; Average Processors Used ; Peak Virtual Memory ; Total CPU Time (on all processors) ;
+----------------------+--------------+-------------------------+---------------------+------------------------------------+
; Analysis & Synthesis ; 00:11:29     ; 1.0                     ; 5466 MB             ; 00:11:29                           ;
; Fitter               ; 00:04:03     ; 1.2                     ; 6309 MB             ; 00:10:56                           ;
; Assembler            ; 00:00:04     ; 1.0                     ; 4800 MB             ; 00:00:04                           ;
; Timing Analyzer      ; 00:00:10     ; 1.8                     ; 5220 MB             ; 00:00:16                           ;
; EDA Netlist Writer   ; 00:00:06     ; 1.0                     ; 4783 MB             ; 00:00:06                           ;
; EDA Netlist Writer   ; 00:00:06     ; 1.0                     ; 4782 MB             ; 00:00:06                           ;
; EDA Netlist Writer   ; 00:00:06     ; 1.0                     ; 4784 MB             ; 00:00:06                           ;
; EDA Netlist Writer   ; 00:00:06     ; 1.0                     ; 4784 MB             ; 00:00:06                           ;
; Total                ; 00:16:10     ; --                      ; --                  ; 00:23:09                           ;
+----------------------+--------------+-------------------------+---------------------+------------------------------------+


+------------------------------------------------------------------------------------+
; Flow OS Summary                                                                    ;
+----------------------+------------------+------------+------------+----------------+
; Module Name          ; Machine Hostname ; OS Name    ; OS Version ; Processor type ;
+----------------------+------------------+------------+------------+----------------+
; Analysis & Synthesis ; AVELL            ; Windows 10 ; 10.0       ; x86_64         ;
; Fitter               ; AVELL            ; Windows 10 ; 10.0       ; x86_64         ;
; Assembler            ; AVELL            ; Windows 10 ; 10.0       ; x86_64         ;
; Timing Analyzer      ; AVELL            ; Windows 10 ; 10.0       ; x86_64         ;
; EDA Netlist Writer   ; AVELL            ; Windows 10 ; 10.0       ; x86_64         ;
; EDA Netlist Writer   ; AVELL            ; Windows 10 ; 10.0       ; x86_64         ;
; EDA Netlist Writer   ; AVELL            ; Windows 10 ; 10.0       ; x86_64         ;
; EDA Netlist Writer   ; AVELL            ; Windows 10 ; 10.0       ; x86_64         ;
+----------------------+------------------+------------+------------+----------------+


------------
; Flow Log ;
------------
quartus_map --read_settings_files=on --write_settings_files=off amc -c amc
quartus_fit --read_settings_files=off --write_settings_files=off amc -c amc
quartus_asm --read_settings_files=off --write_settings_files=off amc -c amc
quartus_sta amc -c amc
quartus_eda --read_settings_files=off --write_settings_files=off amc -c amc
quartus_eda --read_settings_files=on --write_settings_files=off amc -c amc
quartus_eda --read_settings_files=on --write_settings_files=off amc -c amc
quartus_eda --read_settings_files=on --write_settings_files=off amc -c amc



